<?xml version="1.0" encoding="utf-8"?>
<coverage line-rate="0.8815000000000001" branch-rate="0.7781" version="1.9" timestamp="1766372027" lines-covered="841" lines-valid="954" branches-covered="221" branches-valid="284">
  <sources>
    <source>E:\Projetos\backend-challenge\backend\</source>
  </sources>
  <packages>
    <package name="CnabApi" line-rate="0.8815000000000001" branch-rate="0.7781" complexity="396">
      <classes>
        <class name="CnabApi.Validators.LoginRequestValidator" filename="Validators\LoginRequestValidator.cs" line-rate="1" branch-rate="1" complexity="1">
          <methods>
            <method name=".ctor" signature="()" line-rate="1" branch-rate="1" complexity="1">
              <lines>
                <line number="11" hits="7" branch="False" />
                <line number="12" hits="7" branch="False" />
                <line number="13" hits="7" branch="False" />
                <line number="14" hits="7" branch="False" />
                <line number="15" hits="7" branch="False" />
                <line number="17" hits="7" branch="False" />
                <line number="18" hits="7" branch="False" />
                <line number="19" hits="7" branch="False" />
                <line number="20" hits="7" branch="False" />
              </lines>
            </method>
          </methods>
          <lines>
            <line number="11" hits="7" branch="False" />
            <line number="12" hits="7" branch="False" />
            <line number="13" hits="7" branch="False" />
            <line number="14" hits="7" branch="False" />
            <line number="15" hits="7" branch="False" />
            <line number="17" hits="7" branch="False" />
            <line number="18" hits="7" branch="False" />
            <line number="19" hits="7" branch="False" />
            <line number="20" hits="7" branch="False" />
          </lines>
        </class>
        <class name="CnabApi.Validators.RegisterRequestValidator" filename="Validators\RegisterRequestValidator.cs" line-rate="1" branch-rate="1" complexity="1">
          <methods>
            <method name=".ctor" signature="()" line-rate="1" branch-rate="1" complexity="1">
              <lines>
                <line number="11" hits="8" branch="False" />
                <line number="12" hits="8" branch="False" />
                <line number="13" hits="8" branch="False" />
                <line number="14" hits="8" branch="False" />
                <line number="15" hits="8" branch="False" />
                <line number="16" hits="8" branch="False" />
                <line number="17" hits="8" branch="False" />
                <line number="18" hits="8" branch="False" />
                <line number="19" hits="8" branch="False" />
                <line number="20" hits="8" branch="False" />
                <line number="21" hits="8" branch="False" />
                <line number="23" hits="8" branch="False" />
                <line number="24" hits="8" branch="False" />
                <line number="25" hits="8" branch="False" />
                <line number="26" hits="8" branch="False" />
                <line number="27" hits="8" branch="False" />
                <line number="28" hits="8" branch="False" />
                <line number="29" hits="8" branch="False" />
                <line number="30" hits="8" branch="False" />
              </lines>
            </method>
          </methods>
          <lines>
            <line number="11" hits="8" branch="False" />
            <line number="12" hits="8" branch="False" />
            <line number="13" hits="8" branch="False" />
            <line number="14" hits="8" branch="False" />
            <line number="15" hits="8" branch="False" />
            <line number="16" hits="8" branch="False" />
            <line number="17" hits="8" branch="False" />
            <line number="18" hits="8" branch="False" />
            <line number="19" hits="8" branch="False" />
            <line number="20" hits="8" branch="False" />
            <line number="21" hits="8" branch="False" />
            <line number="23" hits="8" branch="False" />
            <line number="24" hits="8" branch="False" />
            <line number="25" hits="8" branch="False" />
            <line number="26" hits="8" branch="False" />
            <line number="27" hits="8" branch="False" />
            <line number="28" hits="8" branch="False" />
            <line number="29" hits="8" branch="False" />
            <line number="30" hits="8" branch="False" />
          </lines>
        </class>
        <class name="CnabApi.Validators.TransactionValidator" filename="Validators\TransactionValidator.cs" line-rate="0.9726" branch-rate="0.875" complexity="24">
          <methods>
            <method name="IsValidCpf" signature="(System.String)" line-rate="0.9129999999999999" branch-rate="0.8636" complexity="22">
              <lines>
                <line number="73" hits="34" branch="False" />
                <line number="74" hits="34" branch="True" condition-coverage="100% (4/4)">
                  <conditions>
                    <condition number="25" type="jump" coverage="100%" />
                    <condition number="50" type="jump" coverage="100%" />
                  </conditions>
                </line>
                <line number="75" hits="5" branch="False" />
                <line number="78" hits="150" branch="True" condition-coverage="100% (2/2)">
                  <conditions>
                    <condition number="87" type="jump" coverage="100%" />
                  </conditions>
                </line>
                <line number="79" hits="1" branch="False" />
                <line number="82" hits="28" branch="False" />
                <line number="85" hits="560" branch="True" condition-coverage="100% (2/2)">
                  <conditions>
                    <condition number="161" type="jump" coverage="100%" />
                  </conditions>
                </line>
                <line number="86" hits="252" branch="False" />
                <line number="88" hits="28" branch="False" />
                <line number="90" hits="28" branch="True" condition-coverage="100% (4/4)">
                  <conditions>
                    <condition number="174" type="jump" coverage="100%" />
                    <condition number="188" type="jump" coverage="100%" />
                  </conditions>
                </line>
                <line number="91" hits="1" branch="False" />
                <line number="93" hits="28" branch="True" condition-coverage="50% (1/2)">
                  <conditions>
                    <condition number="229" type="jump" coverage="50%" />
                  </conditions>
                </line>
                <line number="94" hits="0" branch="False" />
                <line number="97" hits="28" branch="False" />
                <line number="98" hits="616" branch="True" condition-coverage="100% (2/2)">
                  <conditions>
                    <condition number="303" type="jump" coverage="100%" />
                  </conditions>
                </line>
                <line number="99" hits="280" branch="False" />
                <line number="101" hits="28" branch="False" />
                <line number="103" hits="28" branch="True" condition-coverage="50% (2/4)">
                  <conditions>
                    <condition number="316" type="jump" coverage="50%" />
                    <condition number="330" type="jump" coverage="50%" />
                  </conditions>
                </line>
                <line number="104" hits="0" branch="False" />
                <line number="106" hits="28" branch="True" condition-coverage="100% (2/2)">
                  <conditions>
                    <condition number="371" type="jump" coverage="100%" />
                  </conditions>
                </line>
                <line number="107" hits="1" branch="False" />
                <line number="109" hits="27" branch="False" />
                <line number="110" hits="34" branch="False" />
              </lines>
            </method>
            <method name=".ctor" signature="()" line-rate="1" branch-rate="1" complexity="2">
              <lines>
                <line number="11" hits="34" branch="False" />
                <line number="12" hits="34" branch="False" />
                <line number="13" hits="34" branch="False" />
                <line number="14" hits="34" branch="False" />
                <line number="15" hits="34" branch="False" />
                <line number="16" hits="34" branch="False" />
                <line number="17" hits="34" branch="False" />
                <line number="18" hits="34" branch="False" />
                <line number="19" hits="34" branch="False" />
                <line number="20" hits="34" branch="False" />
                <line number="21" hits="34" branch="False" />
                <line number="22" hits="34" branch="True" condition-coverage="100% (2/2)">
                  <conditions>
                    <condition number="12" type="jump" coverage="100%" />
                  </conditions>
                </line>
                <line number="23" hits="7" branch="False" />
                <line number="24" hits="7" branch="False" />
                <line number="25" hits="7" branch="False" />
                <line number="26" hits="68" branch="False" />
                <line number="28" hits="34" branch="False" />
                <line number="29" hits="34" branch="False" />
                <line number="30" hits="34" branch="False" />
                <line number="31" hits="34" branch="False" />
                <line number="32" hits="34" branch="False" />
                <line number="34" hits="34" branch="False" />
                <line number="35" hits="34" branch="False" />
                <line number="36" hits="34" branch="False" />
                <line number="37" hits="34" branch="False" />
                <line number="38" hits="34" branch="False" />
                <line number="40" hits="34" branch="False" />
                <line number="41" hits="34" branch="False" />
                <line number="42" hits="34" branch="False" />
                <line number="44" hits="34" branch="False" />
                <line number="45" hits="34" branch="False" />
                <line number="46" hits="34" branch="False" />
                <line number="47" hits="34" branch="False" />
                <line number="48" hits="34" branch="False" />
                <line number="50" hits="34" branch="False" />
                <line number="51" hits="34" branch="False" />
                <line number="52" hits="34" branch="False" />
                <line number="53" hits="34" branch="False" />
                <line number="54" hits="34" branch="False" />
                <line number="56" hits="34" branch="False" />
                <line number="57" hits="34" branch="False" />
                <line number="58" hits="34" branch="False" />
                <line number="59" hits="34" branch="False" />
                <line number="60" hits="34" branch="False" />
                <line number="62" hits="34" branch="False" />
                <line number="63" hits="34" branch="False" />
                <line number="64" hits="34" branch="False" />
                <line number="65" hits="34" branch="False" />
                <line number="66" hits="34" branch="False" />
                <line number="67" hits="34" branch="False" />
              </lines>
            </method>
          </methods>
          <lines>
            <line number="73" hits="34" branch="False" />
            <line number="74" hits="34" branch="True" condition-coverage="100% (4/4)">
              <conditions>
                <condition number="25" type="jump" coverage="100%" />
                <condition number="50" type="jump" coverage="100%" />
              </conditions>
            </line>
            <line number="75" hits="5" branch="False" />
            <line number="78" hits="150" branch="True" condition-coverage="100% (2/2)">
              <conditions>
                <condition number="87" type="jump" coverage="100%" />
              </conditions>
            </line>
            <line number="79" hits="1" branch="False" />
            <line number="82" hits="28" branch="False" />
            <line number="85" hits="560" branch="True" condition-coverage="100% (2/2)">
              <conditions>
                <condition number="161" type="jump" coverage="100%" />
              </conditions>
            </line>
            <line number="86" hits="252" branch="False" />
            <line number="88" hits="28" branch="False" />
            <line number="90" hits="28" branch="True" condition-coverage="100% (4/4)">
              <conditions>
                <condition number="174" type="jump" coverage="100%" />
                <condition number="188" type="jump" coverage="100%" />
              </conditions>
            </line>
            <line number="91" hits="1" branch="False" />
            <line number="93" hits="28" branch="True" condition-coverage="50% (1/2)">
              <conditions>
                <condition number="229" type="jump" coverage="50%" />
              </conditions>
            </line>
            <line number="94" hits="0" branch="False" />
            <line number="97" hits="28" branch="False" />
            <line number="98" hits="616" branch="True" condition-coverage="100% (2/2)">
              <conditions>
                <condition number="303" type="jump" coverage="100%" />
              </conditions>
            </line>
            <line number="99" hits="280" branch="False" />
            <line number="101" hits="28" branch="False" />
            <line number="103" hits="28" branch="True" condition-coverage="50% (2/4)">
              <conditions>
                <condition number="316" type="jump" coverage="50%" />
                <condition number="330" type="jump" coverage="50%" />
              </conditions>
            </line>
            <line number="104" hits="0" branch="False" />
            <line number="106" hits="28" branch="True" condition-coverage="100% (2/2)">
              <conditions>
                <condition number="371" type="jump" coverage="100%" />
              </conditions>
            </line>
            <line number="107" hits="1" branch="False" />
            <line number="109" hits="27" branch="False" />
            <line number="110" hits="34" branch="False" />
            <line number="11" hits="34" branch="False" />
            <line number="12" hits="34" branch="False" />
            <line number="13" hits="34" branch="False" />
            <line number="14" hits="34" branch="False" />
            <line number="15" hits="34" branch="False" />
            <line number="16" hits="34" branch="False" />
            <line number="17" hits="34" branch="False" />
            <line number="18" hits="34" branch="False" />
            <line number="19" hits="34" branch="False" />
            <line number="20" hits="34" branch="False" />
            <line number="21" hits="34" branch="False" />
            <line number="22" hits="34" branch="True" condition-coverage="100% (2/2)">
              <conditions>
                <condition number="12" type="jump" coverage="100%" />
              </conditions>
            </line>
            <line number="23" hits="7" branch="False" />
            <line number="24" hits="7" branch="False" />
            <line number="25" hits="7" branch="False" />
            <line number="26" hits="68" branch="False" />
            <line number="28" hits="34" branch="False" />
            <line number="29" hits="34" branch="False" />
            <line number="30" hits="34" branch="False" />
            <line number="31" hits="34" branch="False" />
            <line number="32" hits="34" branch="False" />
            <line number="34" hits="34" branch="False" />
            <line number="35" hits="34" branch="False" />
            <line number="36" hits="34" branch="False" />
            <line number="37" hits="34" branch="False" />
            <line number="38" hits="34" branch="False" />
            <line number="40" hits="34" branch="False" />
            <line number="41" hits="34" branch="False" />
            <line number="42" hits="34" branch="False" />
            <line number="44" hits="34" branch="False" />
            <line number="45" hits="34" branch="False" />
            <line number="46" hits="34" branch="False" />
            <line number="47" hits="34" branch="False" />
            <line number="48" hits="34" branch="False" />
            <line number="50" hits="34" branch="False" />
            <line number="51" hits="34" branch="False" />
            <line number="52" hits="34" branch="False" />
            <line number="53" hits="34" branch="False" />
            <line number="54" hits="34" branch="False" />
            <line number="56" hits="34" branch="False" />
            <line number="57" hits="34" branch="False" />
            <line number="58" hits="34" branch="False" />
            <line number="59" hits="34" branch="False" />
            <line number="60" hits="34" branch="False" />
            <line number="62" hits="34" branch="False" />
            <line number="63" hits="34" branch="False" />
            <line number="64" hits="34" branch="False" />
            <line number="65" hits="34" branch="False" />
            <line number="66" hits="34" branch="False" />
            <line number="67" hits="34" branch="False" />
          </lines>
        </class>
        <class name="CnabApi.Utilities.CorrelationIdHelper" filename="Utilities\CorrelationIdHelper.cs" line-rate="1" branch-rate="1" complexity="5">
          <methods>
            <method name="GetOrCreateCorrelationId" signature="()" line-rate="1" branch-rate="1" complexity="2">
              <lines>
                <line number="16" hits="4" branch="False" />
                <line number="17" hits="4" branch="True" condition-coverage="100% (2/2)">
                  <conditions>
                    <condition number="18" type="jump" coverage="100%" />
                  </conditions>
                </line>
                <line number="18" hits="3" branch="False" />
                <line number="19" hits="3" branch="False" />
                <line number="20" hits="3" branch="False" />
                <line number="21" hits="4" branch="False" />
                <line number="22" hits="4" branch="False" />
              </lines>
            </method>
            <method name="SetCorrelationId" signature="(System.String)" line-rate="1" branch-rate="1" complexity="1">
              <lines>
                <line number="28" hits="14" branch="False" />
                <line number="29" hits="14" branch="False" />
                <line number="30" hits="14" branch="False" />
              </lines>
            </method>
            <method name="GetCorrelationId" signature="()" line-rate="1" branch-rate="1" complexity="1">
              <lines>
                <line number="36" hits="8" branch="False" />
                <line number="37" hits="8" branch="False" />
                <line number="38" hits="8" branch="False" />
              </lines>
            </method>
            <method name=".cctor" signature="()" line-rate="1" branch-rate="1" complexity="1">
              <lines>
                <line number="8" hits="1" branch="False" />
              </lines>
            </method>
          </methods>
          <lines>
            <line number="16" hits="4" branch="False" />
            <line number="17" hits="4" branch="True" condition-coverage="100% (2/2)">
              <conditions>
                <condition number="18" type="jump" coverage="100%" />
              </conditions>
            </line>
            <line number="18" hits="3" branch="False" />
            <line number="19" hits="3" branch="False" />
            <line number="20" hits="3" branch="False" />
            <line number="21" hits="4" branch="False" />
            <line number="22" hits="4" branch="False" />
            <line number="28" hits="14" branch="False" />
            <line number="29" hits="14" branch="False" />
            <line number="30" hits="14" branch="False" />
            <line number="36" hits="8" branch="False" />
            <line number="37" hits="8" branch="False" />
            <line number="38" hits="8" branch="False" />
            <line number="8" hits="1" branch="False" />
          </lines>
        </class>
        <class name="CnabApi.Utilities.CursorPaginationHelper" filename="Utilities\CursorPaginationHelper.cs" line-rate="1" branch-rate="1" complexity="10">
          <methods>
            <method name="EncodeCursor" signature="(System.String)" line-rate="1" branch-rate="1" complexity="2">
              <lines>
                <line number="17" hits="10" branch="False" />
                <line number="18" hits="10" branch="True" condition-coverage="100% (2/2)">
                  <conditions>
                    <condition number="9" type="jump" coverage="100%" />
                  </conditions>
                </line>
                <line number="19" hits="2" branch="False" />
                <line number="21" hits="8" branch="False" />
                <line number="22" hits="8" branch="False" />
                <line number="23" hits="10" branch="False" />
              </lines>
            </method>
            <method name="DecodeCursor" signature="(System.String)" line-rate="1" branch-rate="1" complexity="2">
              <lines>
                <line number="31" hits="7" branch="False" />
                <line number="32" hits="7" branch="True" condition-coverage="100% (2/2)">
                  <conditions>
                    <condition number="9" type="jump" coverage="100%" />
                  </conditions>
                </line>
                <line number="33" hits="2" branch="False" />
                <line number="36" hits="5" branch="False" />
                <line number="37" hits="5" branch="False" />
                <line number="38" hits="4" branch="False" />
                <line number="40" hits="1" branch="False" />
                <line number="41" hits="1" branch="False" />
                <line number="42" hits="1" branch="False" />
                <line number="44" hits="7" branch="False" />
              </lines>
            </method>
            <method name="CreatePaginatedResponse" signature="(System.Collections.Generic.IEnumerable`1&lt;T&gt;,System.Int32,System.String,System.Func`2&lt;T,System.String&gt;)" line-rate="1" branch-rate="1" complexity="6">
              <lines>
                <line number="60" hits="8" branch="False" />
                <line number="61" hits="8" branch="False" />
                <line number="63" hits="8" branch="True" condition-coverage="100% (2/2)">
                  <conditions>
                    <condition number="21" type="jump" coverage="100%" />
                  </conditions>
                </line>
                <line number="64" hits="1" branch="False" />
                <line number="65" hits="1" branch="False" />
                <line number="66" hits="1" branch="False" />
                <line number="67" hits="1" branch="False" />
                <line number="68" hits="1" branch="False" />
                <line number="69" hits="1" branch="False" />
                <line number="70" hits="1" branch="False" />
                <line number="73" hits="7" branch="False" />
                <line number="74" hits="7" branch="False" />
                <line number="77" hits="7" branch="False" />
                <line number="79" hits="7" branch="True" condition-coverage="100% (2/2)">
                  <conditions>
                    <condition number="103" type="jump" coverage="100%" />
                  </conditions>
                </line>
                <line number="80" hits="7" branch="False" />
                <line number="81" hits="7" branch="False" />
                <line number="83" hits="7" branch="True" condition-coverage="100% (2/2)">
                  <conditions>
                    <condition number="133" type="jump" coverage="100%" />
                  </conditions>
                </line>
                <line number="84" hits="7" branch="False" />
                <line number="85" hits="7" branch="False" />
                <line number="87" hits="7" branch="False" />
                <line number="88" hits="7" branch="False" />
                <line number="89" hits="7" branch="False" />
                <line number="90" hits="7" branch="False" />
                <line number="91" hits="7" branch="False" />
                <line number="92" hits="7" branch="False" />
                <line number="93" hits="7" branch="False" />
                <line number="94" hits="8" branch="False" />
              </lines>
            </method>
          </methods>
          <lines>
            <line number="17" hits="10" branch="False" />
            <line number="18" hits="10" branch="True" condition-coverage="100% (2/2)">
              <conditions>
                <condition number="9" type="jump" coverage="100%" />
              </conditions>
            </line>
            <line number="19" hits="2" branch="False" />
            <line number="21" hits="8" branch="False" />
            <line number="22" hits="8" branch="False" />
            <line number="23" hits="10" branch="False" />
            <line number="31" hits="7" branch="False" />
            <line number="32" hits="7" branch="True" condition-coverage="100% (2/2)">
              <conditions>
                <condition number="9" type="jump" coverage="100%" />
              </conditions>
            </line>
            <line number="33" hits="2" branch="False" />
            <line number="36" hits="5" branch="False" />
            <line number="37" hits="5" branch="False" />
            <line number="38" hits="4" branch="False" />
            <line number="40" hits="1" branch="False" />
            <line number="41" hits="1" branch="False" />
            <line number="42" hits="1" branch="False" />
            <line number="44" hits="7" branch="False" />
            <line number="60" hits="8" branch="False" />
            <line number="61" hits="8" branch="False" />
            <line number="63" hits="8" branch="True" condition-coverage="100% (2/2)">
              <conditions>
                <condition number="21" type="jump" coverage="100%" />
              </conditions>
            </line>
            <line number="64" hits="1" branch="False" />
            <line number="65" hits="1" branch="False" />
            <line number="66" hits="1" branch="False" />
            <line number="67" hits="1" branch="False" />
            <line number="68" hits="1" branch="False" />
            <line number="69" hits="1" branch="False" />
            <line number="70" hits="1" branch="False" />
            <line number="73" hits="7" branch="False" />
            <line number="74" hits="7" branch="False" />
            <line number="77" hits="7" branch="False" />
            <line number="79" hits="7" branch="True" condition-coverage="100% (2/2)">
              <conditions>
                <condition number="103" type="jump" coverage="100%" />
              </conditions>
            </line>
            <line number="80" hits="7" branch="False" />
            <line number="81" hits="7" branch="False" />
            <line number="83" hits="7" branch="True" condition-coverage="100% (2/2)">
              <conditions>
                <condition number="133" type="jump" coverage="100%" />
              </conditions>
            </line>
            <line number="84" hits="7" branch="False" />
            <line number="85" hits="7" branch="False" />
            <line number="87" hits="7" branch="False" />
            <line number="88" hits="7" branch="False" />
            <line number="89" hits="7" branch="False" />
            <line number="90" hits="7" branch="False" />
            <line number="91" hits="7" branch="False" />
            <line number="92" hits="7" branch="False" />
            <line number="93" hits="7" branch="False" />
            <line number="94" hits="8" branch="False" />
          </lines>
        </class>
        <class name="CnabApi.Services.CnabParserService" filename="Services\CnabParserService.cs" line-rate="0.8901" branch-rate="1" complexity="38">
          <methods>
            <method name="ParseCnabFile" signature="(System.String)" line-rate="0.8518000000000001" branch-rate="1" complexity="12">
              <lines>
                <line number="17" hits="32" branch="False" />
                <line number="19" hits="32" branch="False" />
                <line number="20" hits="32" branch="True" condition-coverage="100% (2/2)">
                  <conditions>
                    <condition number="10" type="jump" coverage="100%" />
                  </conditions>
                </line>
                <line number="21" hits="4" branch="False" />
                <line number="23" hits="28" branch="False" />
                <line number="24" hits="28" branch="False" />
                <line number="26" hits="144" branch="True" condition-coverage="100% (2/2)">
                  <conditions>
                    <condition number="236" type="jump" coverage="100%" />
                  </conditions>
                </line>
                <line number="27" hits="31" branch="False" />
                <line number="28" hits="31" branch="True" condition-coverage="100% (2/2)">
                  <conditions>
                    <condition number="103" type="jump" coverage="100%" />
                  </conditions>
                </line>
                <line number="29" hits="0" branch="False" />
                <line number="31" hits="31" branch="True" condition-coverage="100% (2/2)">
                  <conditions>
                    <condition number="122" type="jump" coverage="100%" />
                  </conditions>
                </line>
                <line number="32" hits="2" branch="False" />
                <line number="33" hits="2" branch="False" />
                <line number="34" hits="2" branch="False" />
                <line number="37" hits="29" branch="False" />
                <line number="38" hits="29" branch="True" condition-coverage="100% (2/2)">
                  <conditions>
                    <condition number="210" type="jump" coverage="100%" />
                  </conditions>
                </line>
                <line number="39" hits="21" branch="False" />
                <line number="40" hits="21" branch="False" />
                <line number="41" hits="21" branch="False" />
                <line number="42" hits="29" branch="False" />
                <line number="44" hits="26" branch="True" condition-coverage="100% (2/2)">
                  <conditions>
                    <condition number="254" type="jump" coverage="100%" />
                  </conditions>
                </line>
                <line number="45" hits="8" branch="False" />
                <line number="47" hits="18" branch="False" />
                <line number="49" hits="0" branch="False" />
                <line number="50" hits="0" branch="False" />
                <line number="51" hits="0" branch="False" />
                <line number="53" hits="32" branch="False" />
              </lines>
            </method>
            <method name="ParseTransaction" signature="(System.String)" line-rate="0.9117000000000001" branch-rate="1" complexity="6">
              <lines>
                <line number="56" hits="29" branch="False" />
                <line number="58" hits="29" branch="False" />
                <line number="69" hits="29" branch="False" />
                <line number="70" hits="29" branch="False" />
                <line number="71" hits="29" branch="False" />
                <line number="72" hits="29" branch="False" />
                <line number="73" hits="29" branch="False" />
                <line number="74" hits="29" branch="False" />
                <line number="75" hits="29" branch="False" />
                <line number="76" hits="29" branch="False" />
                <line number="79" hits="29" branch="True" condition-coverage="100% (2/2)">
                  <conditions>
                    <condition number="144" type="jump" coverage="100%" />
                  </conditions>
                </line>
                <line number="80" hits="1" branch="False" />
                <line number="82" hits="28" branch="False" />
                <line number="85" hits="28" branch="True" condition-coverage="100% (2/2)">
                  <conditions>
                    <condition number="185" type="jump" coverage="100%" />
                  </conditions>
                </line>
                <line number="86" hits="5" branch="False" />
                <line number="89" hits="23" branch="True" condition-coverage="100% (2/2)">
                  <conditions>
                    <condition number="211" type="jump" coverage="100%" />
                  </conditions>
                </line>
                <line number="90" hits="2" branch="False" />
                <line number="92" hits="21" branch="False" />
                <line number="93" hits="21" branch="False" />
                <line number="94" hits="21" branch="False" />
                <line number="95" hits="21" branch="False" />
                <line number="96" hits="21" branch="False" />
                <line number="97" hits="21" branch="False" />
                <line number="98" hits="21" branch="False" />
                <line number="99" hits="21" branch="False" />
                <line number="100" hits="21" branch="False" />
                <line number="101" hits="21" branch="False" />
                <line number="102" hits="21" branch="False" />
                <line number="103" hits="21" branch="False" />
                <line number="104" hits="21" branch="False" />
                <line number="106" hits="0" branch="False" />
                <line number="107" hits="0" branch="False" />
                <line number="108" hits="0" branch="False" />
                <line number="110" hits="29" branch="False" />
              </lines>
            </method>
            <method name="ParseDate" signature="(System.String,System.DateTime&amp;)" line-rate="1" branch-rate="1" complexity="10">
              <lines>
                <line number="113" hits="28" branch="False" />
                <line number="114" hits="28" branch="False" />
                <line number="116" hits="28" branch="True" condition-coverage="100% (4/4)">
                  <conditions>
                    <condition number="18" type="jump" coverage="100%" />
                    <condition number="37" type="jump" coverage="100%" />
                  </conditions>
                </line>
                <line number="117" hits="1" branch="False" />
                <line number="119" hits="27" branch="True" condition-coverage="100% (6/6)">
                  <conditions>
                    <condition number="59" type="jump" coverage="100%" />
                    <condition number="76" type="jump" coverage="100%" />
                    <condition number="103" type="jump" coverage="100%" />
                  </conditions>
                </line>
                <line number="120" hits="27" branch="False" />
                <line number="121" hits="27" branch="False" />
                <line number="122" hits="1" branch="False" />
                <line number="125" hits="26" branch="False" />
                <line number="126" hits="26" branch="False" />
                <line number="127" hits="23" branch="False" />
                <line number="129" hits="3" branch="False" />
                <line number="130" hits="3" branch="False" />
                <line number="131" hits="3" branch="False" />
                <line number="133" hits="28" branch="False" />
              </lines>
            </method>
            <method name="ParseTime" signature="(System.String,System.TimeSpan&amp;)" line-rate="0.8" branch-rate="1" complexity="10">
              <lines>
                <line number="136" hits="23" branch="False" />
                <line number="137" hits="23" branch="False" />
                <line number="139" hits="23" branch="True" condition-coverage="100% (4/4)">
                  <conditions>
                    <condition number="18" type="jump" coverage="100%" />
                    <condition number="37" type="jump" coverage="100%" />
                  </conditions>
                </line>
                <line number="140" hits="1" branch="False" />
                <line number="142" hits="22" branch="True" condition-coverage="100% (6/6)">
                  <conditions>
                    <condition number="59" type="jump" coverage="100%" />
                    <condition number="76" type="jump" coverage="100%" />
                    <condition number="103" type="jump" coverage="100%" />
                  </conditions>
                </line>
                <line number="143" hits="22" branch="False" />
                <line number="144" hits="22" branch="False" />
                <line number="145" hits="1" branch="False" />
                <line number="148" hits="21" branch="False" />
                <line number="149" hits="21" branch="False" />
                <line number="150" hits="21" branch="False" />
                <line number="152" hits="0" branch="False" />
                <line number="153" hits="0" branch="False" />
                <line number="154" hits="0" branch="False" />
                <line number="156" hits="23" branch="False" />
              </lines>
            </method>
          </methods>
          <lines>
            <line number="17" hits="32" branch="False" />
            <line number="19" hits="32" branch="False" />
            <line number="20" hits="32" branch="True" condition-coverage="100% (2/2)">
              <conditions>
                <condition number="10" type="jump" coverage="100%" />
              </conditions>
            </line>
            <line number="21" hits="4" branch="False" />
            <line number="23" hits="28" branch="False" />
            <line number="24" hits="28" branch="False" />
            <line number="26" hits="144" branch="True" condition-coverage="100% (2/2)">
              <conditions>
                <condition number="236" type="jump" coverage="100%" />
              </conditions>
            </line>
            <line number="27" hits="31" branch="False" />
            <line number="28" hits="31" branch="True" condition-coverage="100% (2/2)">
              <conditions>
                <condition number="103" type="jump" coverage="100%" />
              </conditions>
            </line>
            <line number="29" hits="0" branch="False" />
            <line number="31" hits="31" branch="True" condition-coverage="100% (2/2)">
              <conditions>
                <condition number="122" type="jump" coverage="100%" />
              </conditions>
            </line>
            <line number="32" hits="2" branch="False" />
            <line number="33" hits="2" branch="False" />
            <line number="34" hits="2" branch="False" />
            <line number="37" hits="29" branch="False" />
            <line number="38" hits="29" branch="True" condition-coverage="100% (2/2)">
              <conditions>
                <condition number="210" type="jump" coverage="100%" />
              </conditions>
            </line>
            <line number="39" hits="21" branch="False" />
            <line number="40" hits="21" branch="False" />
            <line number="41" hits="21" branch="False" />
            <line number="42" hits="29" branch="False" />
            <line number="44" hits="26" branch="True" condition-coverage="100% (2/2)">
              <conditions>
                <condition number="254" type="jump" coverage="100%" />
              </conditions>
            </line>
            <line number="45" hits="8" branch="False" />
            <line number="47" hits="18" branch="False" />
            <line number="49" hits="0" branch="False" />
            <line number="50" hits="0" branch="False" />
            <line number="51" hits="0" branch="False" />
            <line number="53" hits="32" branch="False" />
            <line number="56" hits="29" branch="False" />
            <line number="58" hits="29" branch="False" />
            <line number="69" hits="29" branch="False" />
            <line number="70" hits="29" branch="False" />
            <line number="71" hits="29" branch="False" />
            <line number="72" hits="29" branch="False" />
            <line number="73" hits="29" branch="False" />
            <line number="74" hits="29" branch="False" />
            <line number="75" hits="29" branch="False" />
            <line number="76" hits="29" branch="False" />
            <line number="79" hits="29" branch="True" condition-coverage="100% (2/2)">
              <conditions>
                <condition number="144" type="jump" coverage="100%" />
              </conditions>
            </line>
            <line number="80" hits="1" branch="False" />
            <line number="82" hits="28" branch="False" />
            <line number="85" hits="28" branch="True" condition-coverage="100% (2/2)">
              <conditions>
                <condition number="185" type="jump" coverage="100%" />
              </conditions>
            </line>
            <line number="86" hits="5" branch="False" />
            <line number="89" hits="23" branch="True" condition-coverage="100% (2/2)">
              <conditions>
                <condition number="211" type="jump" coverage="100%" />
              </conditions>
            </line>
            <line number="90" hits="2" branch="False" />
            <line number="92" hits="21" branch="False" />
            <line number="93" hits="21" branch="False" />
            <line number="94" hits="21" branch="False" />
            <line number="95" hits="21" branch="False" />
            <line number="96" hits="21" branch="False" />
            <line number="97" hits="21" branch="False" />
            <line number="98" hits="21" branch="False" />
            <line number="99" hits="21" branch="False" />
            <line number="100" hits="21" branch="False" />
            <line number="101" hits="21" branch="False" />
            <line number="102" hits="21" branch="False" />
            <line number="103" hits="21" branch="False" />
            <line number="104" hits="21" branch="False" />
            <line number="106" hits="0" branch="False" />
            <line number="107" hits="0" branch="False" />
            <line number="108" hits="0" branch="False" />
            <line number="110" hits="29" branch="False" />
            <line number="113" hits="28" branch="False" />
            <line number="114" hits="28" branch="False" />
            <line number="116" hits="28" branch="True" condition-coverage="100% (4/4)">
              <conditions>
                <condition number="18" type="jump" coverage="100%" />
                <condition number="37" type="jump" coverage="100%" />
              </conditions>
            </line>
            <line number="117" hits="1" branch="False" />
            <line number="119" hits="27" branch="True" condition-coverage="100% (6/6)">
              <conditions>
                <condition number="59" type="jump" coverage="100%" />
                <condition number="76" type="jump" coverage="100%" />
                <condition number="103" type="jump" coverage="100%" />
              </conditions>
            </line>
            <line number="120" hits="27" branch="False" />
            <line number="121" hits="27" branch="False" />
            <line number="122" hits="1" branch="False" />
            <line number="125" hits="26" branch="False" />
            <line number="126" hits="26" branch="False" />
            <line number="127" hits="23" branch="False" />
            <line number="129" hits="3" branch="False" />
            <line number="130" hits="3" branch="False" />
            <line number="131" hits="3" branch="False" />
            <line number="133" hits="28" branch="False" />
            <line number="136" hits="23" branch="False" />
            <line number="137" hits="23" branch="False" />
            <line number="139" hits="23" branch="True" condition-coverage="100% (4/4)">
              <conditions>
                <condition number="18" type="jump" coverage="100%" />
                <condition number="37" type="jump" coverage="100%" />
              </conditions>
            </line>
            <line number="140" hits="1" branch="False" />
            <line number="142" hits="22" branch="True" condition-coverage="100% (6/6)">
              <conditions>
                <condition number="59" type="jump" coverage="100%" />
                <condition number="76" type="jump" coverage="100%" />
                <condition number="103" type="jump" coverage="100%" />
              </conditions>
            </line>
            <line number="143" hits="22" branch="False" />
            <line number="144" hits="22" branch="False" />
            <line number="145" hits="1" branch="False" />
            <line number="148" hits="21" branch="False" />
            <line number="149" hits="21" branch="False" />
            <line number="150" hits="21" branch="False" />
            <line number="152" hits="0" branch="False" />
            <line number="153" hits="0" branch="False" />
            <line number="154" hits="0" branch="False" />
            <line number="156" hits="23" branch="False" />
          </lines>
        </class>
        <class name="CnabApi.Services.CnabUploadService" filename="Services\CnabUploadService.cs" line-rate="1" branch-rate="1" complexity="1">
          <methods>
            <method name=".ctor" signature="(CnabApi.Services.IFileService,CnabApi.Services.ICnabParserService,CnabApi.Services.ITransactionService,Microsoft.Extensions.Logging.ILogger`1&lt;CnabApi.Services.CnabUploadService&gt;)" line-rate="1" branch-rate="1" complexity="1">
              <lines>
                <line number="12" hits="10" branch="False" />
                <line number="13" hits="10" branch="False" />
                <line number="14" hits="10" branch="False" />
                <line number="15" hits="10" branch="False" />
                <line number="16" hits="10" branch="False" />
                <line number="18" hits="10" branch="False" />
                <line number="19" hits="10" branch="False" />
                <line number="20" hits="10" branch="False" />
                <line number="21" hits="10" branch="False" />
              </lines>
            </method>
          </methods>
          <lines>
            <line number="12" hits="10" branch="False" />
            <line number="13" hits="10" branch="False" />
            <line number="14" hits="10" branch="False" />
            <line number="15" hits="10" branch="False" />
            <line number="16" hits="10" branch="False" />
            <line number="18" hits="10" branch="False" />
            <line number="19" hits="10" branch="False" />
            <line number="20" hits="10" branch="False" />
            <line number="21" hits="10" branch="False" />
          </lines>
        </class>
        <class name="CnabApi.Services.CnabUploadService/&lt;ProcessCnabUploadAsync&gt;d__5" filename="Services\CnabUploadService.cs" line-rate="1" branch-rate="0.75" complexity="12">
          <methods>
            <method name="MoveNext" signature="()" line-rate="1" branch-rate="0.75" complexity="12">
              <lines>
                <line number="28" hits="10" branch="False" />
                <line number="30" hits="10" branch="False" />
                <line number="32" hits="10" branch="False" />
                <line number="33" hits="9" branch="True" condition-coverage="100% (2/2)">
                  <conditions>
                    <condition number="196" type="jump" coverage="100%" />
                  </conditions>
                </line>
                <line number="34" hits="2" branch="False" />
                <line number="35" hits="2" branch="False" />
                <line number="36" hits="2" branch="True" condition-coverage="50% (1/2)">
                  <conditions>
                    <condition number="253" type="jump" coverage="50%" />
                  </conditions>
                </line>
                <line number="40" hits="7" branch="False" />
                <line number="41" hits="7" branch="True" condition-coverage="100% (2/2)">
                  <conditions>
                    <condition number="323" type="jump" coverage="100%" />
                  </conditions>
                </line>
                <line number="42" hits="2" branch="False" />
                <line number="43" hits="2" branch="False" />
                <line number="44" hits="2" branch="True" condition-coverage="50% (1/2)">
                  <conditions>
                    <condition number="380" type="jump" coverage="50%" />
                  </conditions>
                </line>
                <line number="48" hits="5" branch="False" />
                <line number="49" hits="4" branch="True" condition-coverage="100% (2/2)">
                  <conditions>
                    <condition number="567" type="jump" coverage="100%" />
                  </conditions>
                </line>
                <line number="50" hits="1" branch="False" />
                <line number="51" hits="1" branch="False" />
                <line number="52" hits="1" branch="True" condition-coverage="50% (1/2)">
                  <conditions>
                    <condition number="624" type="jump" coverage="50%" />
                  </conditions>
                </line>
                <line number="55" hits="3" branch="False" />
                <line number="56" hits="3" branch="False" />
                <line number="58" hits="3" branch="False" />
                <line number="60" hits="2" branch="False" />
                <line number="61" hits="2" branch="False" />
                <line number="62" hits="2" branch="False" />
                <line number="63" hits="2" branch="False" />
                <line number="65" hits="10" branch="False" />
              </lines>
            </method>
          </methods>
          <lines>
            <line number="28" hits="10" branch="False" />
            <line number="30" hits="10" branch="False" />
            <line number="32" hits="10" branch="False" />
            <line number="33" hits="9" branch="True" condition-coverage="100% (2/2)">
              <conditions>
                <condition number="196" type="jump" coverage="100%" />
              </conditions>
            </line>
            <line number="34" hits="2" branch="False" />
            <line number="35" hits="2" branch="False" />
            <line number="36" hits="2" branch="True" condition-coverage="50% (1/2)">
              <conditions>
                <condition number="253" type="jump" coverage="50%" />
              </conditions>
            </line>
            <line number="40" hits="7" branch="False" />
            <line number="41" hits="7" branch="True" condition-coverage="100% (2/2)">
              <conditions>
                <condition number="323" type="jump" coverage="100%" />
              </conditions>
            </line>
            <line number="42" hits="2" branch="False" />
            <line number="43" hits="2" branch="False" />
            <line number="44" hits="2" branch="True" condition-coverage="50% (1/2)">
              <conditions>
                <condition number="380" type="jump" coverage="50%" />
              </conditions>
            </line>
            <line number="48" hits="5" branch="False" />
            <line number="49" hits="4" branch="True" condition-coverage="100% (2/2)">
              <conditions>
                <condition number="567" type="jump" coverage="100%" />
              </conditions>
            </line>
            <line number="50" hits="1" branch="False" />
            <line number="51" hits="1" branch="False" />
            <line number="52" hits="1" branch="True" condition-coverage="50% (1/2)">
              <conditions>
                <condition number="624" type="jump" coverage="50%" />
              </conditions>
            </line>
            <line number="55" hits="3" branch="False" />
            <line number="56" hits="3" branch="False" />
            <line number="58" hits="3" branch="False" />
            <line number="60" hits="2" branch="False" />
            <line number="61" hits="2" branch="False" />
            <line number="62" hits="2" branch="False" />
            <line number="63" hits="2" branch="False" />
            <line number="65" hits="10" branch="False" />
          </lines>
        </class>
        <class name="CnabApi.Services.FileService/&lt;ReadCnabFileAsync&gt;d__2" filename="Services\FileService.cs" line-rate="1" branch-rate="1" complexity="10">
          <methods>
            <method name="MoveNext" signature="()" line-rate="1" branch-rate="1" complexity="10">
              <lines>
                <line number="18" hits="16" branch="False" />
                <line number="20" hits="16" branch="False" />
                <line number="22" hits="16" branch="True" condition-coverage="100% (4/4)">
                  <conditions>
                    <condition number="33" type="jump" coverage="100%" />
                    <condition number="55" type="jump" coverage="100%" />
                  </conditions>
                </line>
                <line number="23" hits="2" branch="False" />
                <line number="26" hits="14" branch="True" condition-coverage="100% (2/2)">
                  <conditions>
                    <condition number="94" type="jump" coverage="100%" />
                  </conditions>
                </line>
                <line number="27" hits="1" branch="False" />
                <line number="30" hits="13" branch="False" />
                <line number="31" hits="13" branch="True" condition-coverage="100% (2/2)">
                  <conditions>
                    <condition number="211" type="jump" coverage="100%" />
                  </conditions>
                </line>
                <line number="32" hits="8" branch="False" />
                <line number="35" hits="5" branch="False" />
                <line number="36" hits="4" branch="False" />
                <line number="39" hits="4" branch="True" condition-coverage="100% (2/2)">
                  <conditions>
                    <condition number="409" type="jump" coverage="100%" />
                  </conditions>
                </line>
                <line number="40" hits="1" branch="False" />
                <line number="42" hits="3" branch="False" />
                <line number="44" hits="1" branch="False" />
                <line number="45" hits="1" branch="False" />
                <line number="46" hits="1" branch="False" />
                <line number="48" hits="16" branch="False" />
              </lines>
            </method>
          </methods>
          <lines>
            <line number="18" hits="16" branch="False" />
            <line number="20" hits="16" branch="False" />
            <line number="22" hits="16" branch="True" condition-coverage="100% (4/4)">
              <conditions>
                <condition number="33" type="jump" coverage="100%" />
                <condition number="55" type="jump" coverage="100%" />
              </conditions>
            </line>
            <line number="23" hits="2" branch="False" />
            <line number="26" hits="14" branch="True" condition-coverage="100% (2/2)">
              <conditions>
                <condition number="94" type="jump" coverage="100%" />
              </conditions>
            </line>
            <line number="27" hits="1" branch="False" />
            <line number="30" hits="13" branch="False" />
            <line number="31" hits="13" branch="True" condition-coverage="100% (2/2)">
              <conditions>
                <condition number="211" type="jump" coverage="100%" />
              </conditions>
            </line>
            <line number="32" hits="8" branch="False" />
            <line number="35" hits="5" branch="False" />
            <line number="36" hits="4" branch="False" />
            <line number="39" hits="4" branch="True" condition-coverage="100% (2/2)">
              <conditions>
                <condition number="409" type="jump" coverage="100%" />
              </conditions>
            </line>
            <line number="40" hits="1" branch="False" />
            <line number="42" hits="3" branch="False" />
            <line number="44" hits="1" branch="False" />
            <line number="45" hits="1" branch="False" />
            <line number="46" hits="1" branch="False" />
            <line number="48" hits="16" branch="False" />
          </lines>
        </class>
        <class name="CnabApi.Services.Auth.AuthService" filename="Services\Auth\AuthService.cs" line-rate="1" branch-rate="1" complexity="10">
          <methods>
            <method name="BuildGitHubLoginUrl" signature="(System.String)" line-rate="1" branch-rate="1" complexity="8">
              <lines>
                <line number="153" hits="4" branch="False" />
                <line number="154" hits="4" branch="True" condition-coverage="100% (4/4)">
                  <conditions>
                    <condition number="17" type="jump" coverage="100%" />
                    <condition number="42" type="jump" coverage="100%" />
                  </conditions>
                </line>
                <line number="155" hits="1" branch="False" />
                <line number="157" hits="3" branch="False" />
                <line number="158" hits="3" branch="False" />
                <line number="159" hits="3" branch="True" condition-coverage="100% (2/2)">
                  <conditions>
                    <condition number="80" type="jump" coverage="100%" />
                  </conditions>
                </line>
                <line number="160" hits="3" branch="False" />
                <line number="161" hits="3" branch="True" condition-coverage="100% (2/2)">
                  <conditions>
                    <condition number="209" type="jump" coverage="100%" />
                  </conditions>
                </line>
                <line number="162" hits="1" branch="False" />
                <line number="163" hits="1" branch="False" />
                <line number="164" hits="1" branch="False" />
                <line number="165" hits="3" branch="False" />
                <line number="166" hits="4" branch="False" />
              </lines>
            </method>
            <method name="BuildAuthResponse" signature="(CnabApi.Models.User,CnabApi.Models.RefreshToken)" line-rate="1" branch-rate="1" complexity="1">
              <lines>
                <line number="246" hits="6" branch="False" />
                <line number="247" hits="6" branch="False" />
                <line number="248" hits="6" branch="False" />
                <line number="249" hits="6" branch="False" />
                <line number="250" hits="6" branch="False" />
                <line number="251" hits="6" branch="False" />
                <line number="252" hits="6" branch="False" />
                <line number="253" hits="6" branch="False" />
                <line number="254" hits="6" branch="False" />
                <line number="255" hits="6" branch="False" />
              </lines>
            </method>
            <method name=".ctor" signature="(CnabApi.Data.CnabDbContext,CnabApi.Services.Auth.ITokenService,Microsoft.AspNetCore.Identity.IPasswordHasher`1&lt;CnabApi.Models.User&gt;,Microsoft.Extensions.Options.IOptions`1&lt;CnabApi.Options.JwtOptions&gt;,Microsoft.Extensions.Options.IOptions`1&lt;CnabApi.Options.GitHubOAuthOptions&gt;,System.Net.Http.IHttpClientFactory)" line-rate="1" branch-rate="1" complexity="1">
              <lines>
                <line number="27" hits="32" branch="False" />
                <line number="28" hits="32" branch="False" />
                <line number="29" hits="32" branch="False" />
                <line number="30" hits="32" branch="False" />
                <line number="31" hits="32" branch="False" />
                <line number="32" hits="32" branch="False" />
                <line number="33" hits="32" branch="False" />
                <line number="35" hits="32" branch="False" />
                <line number="36" hits="32" branch="False" />
                <line number="37" hits="32" branch="False" />
                <line number="38" hits="32" branch="False" />
                <line number="39" hits="32" branch="False" />
                <line number="40" hits="32" branch="False" />
              </lines>
            </method>
          </methods>
          <lines>
            <line number="153" hits="4" branch="False" />
            <line number="154" hits="4" branch="True" condition-coverage="100% (4/4)">
              <conditions>
                <condition number="17" type="jump" coverage="100%" />
                <condition number="42" type="jump" coverage="100%" />
              </conditions>
            </line>
            <line number="155" hits="1" branch="False" />
            <line number="157" hits="3" branch="False" />
            <line number="158" hits="3" branch="False" />
            <line number="159" hits="3" branch="True" condition-coverage="100% (2/2)">
              <conditions>
                <condition number="80" type="jump" coverage="100%" />
              </conditions>
            </line>
            <line number="160" hits="3" branch="False" />
            <line number="161" hits="3" branch="True" condition-coverage="100% (2/2)">
              <conditions>
                <condition number="209" type="jump" coverage="100%" />
              </conditions>
            </line>
            <line number="162" hits="1" branch="False" />
            <line number="163" hits="1" branch="False" />
            <line number="164" hits="1" branch="False" />
            <line number="165" hits="3" branch="False" />
            <line number="166" hits="4" branch="False" />
            <line number="246" hits="6" branch="False" />
            <line number="247" hits="6" branch="False" />
            <line number="248" hits="6" branch="False" />
            <line number="249" hits="6" branch="False" />
            <line number="250" hits="6" branch="False" />
            <line number="251" hits="6" branch="False" />
            <line number="252" hits="6" branch="False" />
            <line number="253" hits="6" branch="False" />
            <line number="254" hits="6" branch="False" />
            <line number="255" hits="6" branch="False" />
            <line number="27" hits="32" branch="False" />
            <line number="28" hits="32" branch="False" />
            <line number="29" hits="32" branch="False" />
            <line number="30" hits="32" branch="False" />
            <line number="31" hits="32" branch="False" />
            <line number="32" hits="32" branch="False" />
            <line number="33" hits="32" branch="False" />
            <line number="35" hits="32" branch="False" />
            <line number="36" hits="32" branch="False" />
            <line number="37" hits="32" branch="False" />
            <line number="38" hits="32" branch="False" />
            <line number="39" hits="32" branch="False" />
            <line number="40" hits="32" branch="False" />
          </lines>
        </class>
        <class name="CnabApi.Services.Auth.AuthService/GitHubTokenResponse" filename="Services\Auth\AuthService.cs" line-rate="0.4" branch-rate="1" complexity="5">
          <methods>
            <method name="get_AccessToken" signature="()" line-rate="1" branch-rate="1" complexity="1">
              <lines>
                <line number="260" hits="10" branch="False" />
              </lines>
            </method>
            <method name="get_TokenType" signature="()" line-rate="1" branch-rate="1" complexity="1">
              <lines>
                <line number="263" hits="1" branch="False" />
              </lines>
            </method>
            <method name="get_Scope" signature="()" line-rate="0" branch-rate="1" complexity="1">
              <lines>
                <line number="266" hits="0" branch="False" />
              </lines>
            </method>
            <method name="get_RefreshToken" signature="()" line-rate="0" branch-rate="1" complexity="1">
              <lines>
                <line number="269" hits="0" branch="False" />
              </lines>
            </method>
            <method name="get_ExpiresIn" signature="()" line-rate="0" branch-rate="1" complexity="1">
              <lines>
                <line number="272" hits="0" branch="False" />
              </lines>
            </method>
          </methods>
          <lines>
            <line number="260" hits="10" branch="False" />
            <line number="263" hits="1" branch="False" />
            <line number="266" hits="0" branch="False" />
            <line number="269" hits="0" branch="False" />
            <line number="272" hits="0" branch="False" />
          </lines>
        </class>
        <class name="CnabApi.Services.Auth.AuthService/GitHubUserResponse" filename="Services\Auth\AuthService.cs" line-rate="1" branch-rate="1" complexity="4">
          <methods>
            <method name="get_Id" signature="()" line-rate="1" branch-rate="1" complexity="1">
              <lines>
                <line number="277" hits="7" branch="False" />
              </lines>
            </method>
            <method name="get_Login" signature="()" line-rate="1" branch-rate="1" complexity="1">
              <lines>
                <line number="278" hits="5" branch="False" />
              </lines>
            </method>
            <method name="get_Email" signature="()" line-rate="1" branch-rate="1" complexity="1">
              <lines>
                <line number="279" hits="3" branch="False" />
              </lines>
            </method>
            <method name="get_AvatarUrl" signature="()" line-rate="1" branch-rate="1" complexity="1">
              <lines>
                <line number="280" hits="2" branch="False" />
              </lines>
            </method>
          </methods>
          <lines>
            <line number="277" hits="7" branch="False" />
            <line number="278" hits="5" branch="False" />
            <line number="279" hits="3" branch="False" />
            <line number="280" hits="2" branch="False" />
          </lines>
        </class>
        <class name="CnabApi.Services.Auth.AuthService/&lt;GitHubCallbackAsync&gt;d__13" filename="Services\Auth\AuthService.cs" line-rate="0.9836" branch-rate="0.8076000000000001" complexity="26">
          <methods>
            <method name="MoveNext" signature="()" line-rate="0.9836" branch-rate="0.8076000000000001" complexity="26">
              <lines>
                <line number="169" hits="7" branch="False" />
                <line number="170" hits="7" branch="True" condition-coverage="100% (2/2)">
                  <conditions>
                    <condition number="103" type="jump" coverage="100%" />
                  </conditions>
                </line>
                <line number="171" hits="1" branch="False" />
                <line number="173" hits="6" branch="True" condition-coverage="100% (6/6)">
                  <conditions>
                    <condition number="147" type="jump" coverage="100%" />
                    <condition number="170" type="jump" coverage="100%" />
                    <condition number="198" type="jump" coverage="100%" />
                  </conditions>
                </line>
                <line number="174" hits="1" branch="False" />
                <line number="176" hits="5" branch="False" />
                <line number="178" hits="5" branch="False" />
                <line number="179" hits="5" branch="False" />
                <line number="180" hits="5" branch="False" />
                <line number="181" hits="5" branch="False" />
                <line number="182" hits="5" branch="False" />
                <line number="183" hits="5" branch="False" />
                <line number="184" hits="5" branch="False" />
                <line number="185" hits="5" branch="False" />
                <line number="186" hits="5" branch="False" />
                <line number="187" hits="5" branch="False" />
                <line number="188" hits="5" branch="False" />
                <line number="190" hits="5" branch="False" />
                <line number="191" hits="5" branch="True" condition-coverage="100% (2/2)">
                  <conditions>
                    <condition number="573" type="jump" coverage="100%" />
                  </conditions>
                </line>
                <line number="192" hits="1" branch="False" />
                <line number="194" hits="4" branch="False" />
                <line number="195" hits="4" branch="True" condition-coverage="75% (3/4)">
                  <conditions>
                    <condition number="800" type="jump" coverage="50%" />
                    <condition number="818" type="jump" coverage="100%" />
                  </conditions>
                </line>
                <line number="196" hits="1" branch="False" />
                <line number="197" hits="1" branch="False" />
                <line number="198" hits="1" branch="False" />
                <line number="201" hits="3" branch="False" />
                <line number="202" hits="3" branch="False" />
                <line number="203" hits="3" branch="False" />
                <line number="204" hits="3" branch="False" />
                <line number="205" hits="3" branch="True" condition-coverage="100% (2/2)">
                  <conditions>
                    <condition number="1229" type="jump" coverage="100%" />
                  </conditions>
                </line>
                <line number="206" hits="1" branch="False" />
                <line number="208" hits="2" branch="False" />
                <line number="209" hits="2" branch="True" condition-coverage="50% (2/4)">
                  <conditions>
                    <condition number="1408" type="jump" coverage="50%" />
                    <condition number="1437" type="jump" coverage="50%" />
                  </conditions>
                </line>
                <line number="210" hits="0" branch="False" />
                <line number="212" hits="2" branch="False" />
                <line number="213" hits="2" branch="False" />
                <line number="215" hits="2" branch="True" condition-coverage="100% (2/2)">
                  <conditions>
                    <condition number="1829" type="jump" coverage="100%" />
                  </conditions>
                </line>
                <line number="216" hits="1" branch="False" />
                <line number="217" hits="1" branch="True" condition-coverage="50% (1/2)">
                  <conditions>
                    <condition number="1859" type="jump" coverage="50%" />
                  </conditions>
                </line>
                <line number="218" hits="1" branch="False" />
                <line number="219" hits="1" branch="False" />
                <line number="220" hits="1" branch="False" />
                <line number="221" hits="1" branch="False" />
                <line number="222" hits="1" branch="False" />
                <line number="223" hits="1" branch="False" />
                <line number="224" hits="1" branch="False" />
                <line number="225" hits="1" branch="False" />
                <line number="226" hits="1" branch="False" />
                <line number="227" hits="1" branch="False" />
                <line number="228" hits="1" branch="False" />
                <line number="230" hits="1" branch="False" />
                <line number="231" hits="1" branch="False" />
                <line number="232" hits="1" branch="False" />
                <line number="233" hits="1" branch="True" condition-coverage="50% (1/2)">
                  <conditions>
                    <condition number="2168" type="jump" coverage="50%" />
                  </conditions>
                </line>
                <line number="234" hits="1" branch="False" />
                <line number="235" hits="1" branch="False" />
                <line number="237" hits="2" branch="False" />
                <line number="238" hits="2" branch="False" />
                <line number="240" hits="2" branch="False" />
                <line number="242" hits="2" branch="False" />
                <line number="243" hits="7" branch="False" />
              </lines>
            </method>
          </methods>
          <lines>
            <line number="169" hits="7" branch="False" />
            <line number="170" hits="7" branch="True" condition-coverage="100% (2/2)">
              <conditions>
                <condition number="103" type="jump" coverage="100%" />
              </conditions>
            </line>
            <line number="171" hits="1" branch="False" />
            <line number="173" hits="6" branch="True" condition-coverage="100% (6/6)">
              <conditions>
                <condition number="147" type="jump" coverage="100%" />
                <condition number="170" type="jump" coverage="100%" />
                <condition number="198" type="jump" coverage="100%" />
              </conditions>
            </line>
            <line number="174" hits="1" branch="False" />
            <line number="176" hits="5" branch="False" />
            <line number="178" hits="5" branch="False" />
            <line number="179" hits="5" branch="False" />
            <line number="180" hits="5" branch="False" />
            <line number="181" hits="5" branch="False" />
            <line number="182" hits="5" branch="False" />
            <line number="183" hits="5" branch="False" />
            <line number="184" hits="5" branch="False" />
            <line number="185" hits="5" branch="False" />
            <line number="186" hits="5" branch="False" />
            <line number="187" hits="5" branch="False" />
            <line number="188" hits="5" branch="False" />
            <line number="190" hits="5" branch="False" />
            <line number="191" hits="5" branch="True" condition-coverage="100% (2/2)">
              <conditions>
                <condition number="573" type="jump" coverage="100%" />
              </conditions>
            </line>
            <line number="192" hits="1" branch="False" />
            <line number="194" hits="4" branch="False" />
            <line number="195" hits="4" branch="True" condition-coverage="75% (3/4)">
              <conditions>
                <condition number="800" type="jump" coverage="50%" />
                <condition number="818" type="jump" coverage="100%" />
              </conditions>
            </line>
            <line number="196" hits="1" branch="False" />
            <line number="197" hits="1" branch="False" />
            <line number="198" hits="1" branch="False" />
            <line number="201" hits="3" branch="False" />
            <line number="202" hits="3" branch="False" />
            <line number="203" hits="3" branch="False" />
            <line number="204" hits="3" branch="False" />
            <line number="205" hits="3" branch="True" condition-coverage="100% (2/2)">
              <conditions>
                <condition number="1229" type="jump" coverage="100%" />
              </conditions>
            </line>
            <line number="206" hits="1" branch="False" />
            <line number="208" hits="2" branch="False" />
            <line number="209" hits="2" branch="True" condition-coverage="50% (2/4)">
              <conditions>
                <condition number="1408" type="jump" coverage="50%" />
                <condition number="1437" type="jump" coverage="50%" />
              </conditions>
            </line>
            <line number="210" hits="0" branch="False" />
            <line number="212" hits="2" branch="False" />
            <line number="213" hits="2" branch="False" />
            <line number="215" hits="2" branch="True" condition-coverage="100% (2/2)">
              <conditions>
                <condition number="1829" type="jump" coverage="100%" />
              </conditions>
            </line>
            <line number="216" hits="1" branch="False" />
            <line number="217" hits="1" branch="True" condition-coverage="50% (1/2)">
              <conditions>
                <condition number="1859" type="jump" coverage="50%" />
              </conditions>
            </line>
            <line number="218" hits="1" branch="False" />
            <line number="219" hits="1" branch="False" />
            <line number="220" hits="1" branch="False" />
            <line number="221" hits="1" branch="False" />
            <line number="222" hits="1" branch="False" />
            <line number="223" hits="1" branch="False" />
            <line number="224" hits="1" branch="False" />
            <line number="225" hits="1" branch="False" />
            <line number="226" hits="1" branch="False" />
            <line number="227" hits="1" branch="False" />
            <line number="228" hits="1" branch="False" />
            <line number="230" hits="1" branch="False" />
            <line number="231" hits="1" branch="False" />
            <line number="232" hits="1" branch="False" />
            <line number="233" hits="1" branch="True" condition-coverage="50% (1/2)">
              <conditions>
                <condition number="2168" type="jump" coverage="50%" />
              </conditions>
            </line>
            <line number="234" hits="1" branch="False" />
            <line number="235" hits="1" branch="False" />
            <line number="237" hits="2" branch="False" />
            <line number="238" hits="2" branch="False" />
            <line number="240" hits="2" branch="False" />
            <line number="242" hits="2" branch="False" />
            <line number="243" hits="7" branch="False" />
          </lines>
        </class>
        <class name="CnabApi.Services.Auth.AuthService/&lt;LoginAsync&gt;d__8" filename="Services\Auth\AuthService.cs" line-rate="1" branch-rate="1" complexity="4">
          <methods>
            <method name="MoveNext" signature="()" line-rate="1" branch-rate="1" complexity="4">
              <lines>
                <line number="74" hits="4" branch="False" />
                <line number="75" hits="4" branch="False" />
                <line number="76" hits="4" branch="False" />
                <line number="78" hits="4" branch="True" condition-coverage="100% (2/2)">
                  <conditions>
                    <condition number="392" type="jump" coverage="100%" />
                  </conditions>
                </line>
                <line number="79" hits="1" branch="False" />
                <line number="81" hits="3" branch="False" />
                <line number="82" hits="3" branch="True" condition-coverage="100% (2/2)">
                  <conditions>
                    <condition number="483" type="jump" coverage="100%" />
[...]
            <line number="185" hits="4" branch="False" />
            <line number="186" hits="4" branch="False" />
            <line number="187" hits="4" branch="False" />
            <line number="188" hits="4" branch="False" />
            <line number="189" hits="4" branch="False" />
            <line number="190" hits="4" branch="False" />
            <line number="191" hits="4" branch="False" />
            <line number="193" hits="4" branch="False" />
            <line number="195" hits="4" branch="True" condition-coverage="100% (2/2)">
              <conditions>
                <condition number="436" type="jump" coverage="100%" />
              </conditions>
            </line>
            <line number="196" hits="1" branch="False" />
            <line number="197" hits="1" branch="False" />
            <line number="198" hits="1" branch="False" />
            <line number="201" hits="3" branch="True" condition-coverage="50% (2/4)">
              <conditions>
                <condition number="573" type="jump" coverage="50%" />
                <condition number="623" type="jump" coverage="50%" />
              </conditions>
            </line>
            <line number="202" hits="3" branch="False" />
            <line number="204" hits="3" branch="False" />
            <line number="206" hits="0" branch="False" />
            <line number="207" hits="0" branch="False" />
            <line number="208" hits="0" branch="False" />
            <line number="209" hits="0" branch="False" />
            <line number="211" hits="4" branch="False" />
          </lines>
        </class>
        <class name="CnabApi.Controllers.TransactionsController/&lt;SearchTransactions&gt;d__7" filename="Controllers\TransactionsController.cs" line-rate="0" branch-rate="0" complexity="4">
          <methods>
            <method name="MoveNext" signature="()" line-rate="0" branch-rate="0" complexity="4">
              <lines>
                <line number="325" hits="0" branch="False" />
                <line number="326" hits="0" branch="False" />
                <line number="327" hits="0" branch="False" />
                <line number="330" hits="0" branch="False" />
                <line number="331" hits="0" branch="False" />
                <line number="332" hits="0" branch="False" />
                <line number="333" hits="0" branch="False" />
                <line number="334" hits="0" branch="False" />
                <line number="335" hits="0" branch="False" />
                <line number="336" hits="0" branch="False" />
                <line number="338" hits="0" branch="True" condition-coverage="0% (0/2)">
                  <conditions>
                    <condition number="276" type="jump" coverage="0%" />
                  </conditions>
                </line>
                <line number="339" hits="0" branch="False" />
                <line number="340" hits="0" branch="False" />
                <line number="341" hits="0" branch="False" />
                <line number="344" hits="0" branch="True" condition-coverage="0% (0/2)">
                  <conditions>
                    <condition number="431" type="jump" coverage="0%" />
                  </conditions>
                </line>
                <line number="345" hits="0" branch="False" />
                <line number="347" hits="0" branch="False" />
                <line number="349" hits="0" branch="False" />
                <line number="350" hits="0" branch="False" />
                <line number="351" hits="0" branch="False" />
                <line number="352" hits="0" branch="False" />
                <line number="354" hits="0" branch="False" />
              </lines>
            </method>
          </methods>
          <lines>
            <line number="325" hits="0" branch="False" />
            <line number="326" hits="0" branch="False" />
            <line number="327" hits="0" branch="False" />
            <line number="330" hits="0" branch="False" />
            <line number="331" hits="0" branch="False" />
            <line number="332" hits="0" branch="False" />
            <line number="333" hits="0" branch="False" />
            <line number="334" hits="0" branch="False" />
            <line number="335" hits="0" branch="False" />
            <line number="336" hits="0" branch="False" />
            <line number="338" hits="0" branch="True" condition-coverage="0% (0/2)">
              <conditions>
                <condition number="276" type="jump" coverage="0%" />
              </conditions>
            </line>
            <line number="339" hits="0" branch="False" />
            <line number="340" hits="0" branch="False" />
            <line number="341" hits="0" branch="False" />
            <line number="344" hits="0" branch="True" condition-coverage="0% (0/2)">
              <conditions>
                <condition number="431" type="jump" coverage="0%" />
              </conditions>
            </line>
            <line number="345" hits="0" branch="False" />
            <line number="347" hits="0" branch="False" />
            <line number="349" hits="0" branch="False" />
            <line number="350" hits="0" branch="False" />
            <line number="351" hits="0" branch="False" />
            <line number="352" hits="0" branch="False" />
            <line number="354" hits="0" branch="False" />
          </lines>
        </class>
        <class name="CnabApi.Controllers.TransactionsController/&lt;UploadCnabFile&gt;d__4" filename="Controllers\TransactionsController.cs" line-rate="0.7082999999999999" branch-rate="0.625" complexity="8">
          <methods>
            <method name="MoveNext" signature="()" line-rate="0.7082999999999999" branch-rate="0.625" complexity="8">
              <lines>
                <line number="70" hits="4" branch="False" />
                <line number="72" hits="4" branch="False" />
                <line number="73" hits="4" branch="True" condition-coverage="50% (2/4)">
                  <conditions>
                    <condition number="58" type="jump" coverage="50%" />
                    <condition number="79" type="jump" coverage="50%" />
                  </conditions>
                </line>
                <line number="74" hits="4" branch="False" />
                <line number="76" hits="4" branch="True" condition-coverage="50% (1/2)">
                  <conditions>
                    <condition number="126" type="jump" coverage="50%" />
                  </conditions>
                </line>
                <line number="77" hits="0" branch="False" />
                <line number="78" hits="0" branch="False" />
                <line number="79" hits="0" branch="False" />
                <line number="82" hits="4" branch="False" />
                <line number="84" hits="4" branch="True" condition-coverage="100% (2/2)">
                  <conditions>
                    <condition number="356" type="jump" coverage="100%" />
                  </conditions>
                </line>
                <line number="85" hits="1" branch="False" />
                <line number="86" hits="1" branch="False" />
                <line number="87" hits="1" branch="False" />
                <line number="90" hits="3" branch="False" />
                <line number="92" hits="3" branch="False" />
                <line number="93" hits="3" branch="False" />
                <line number="94" hits="3" branch="False" />
                <line number="95" hits="3" branch="False" />
                <line number="96" hits="3" branch="False" />
                <line number="98" hits="0" branch="False" />
                <line number="99" hits="0" branch="False" />
                <line number="100" hits="0" branch="False" />
                <line number="101" hits="0" branch="False" />
                <line number="103" hits="4" branch="False" />
              </lines>
            </method>
          </methods>
          <lines>
            <line number="70" hits="4" branch="False" />
            <line number="72" hits="4" branch="False" />
            <line number="73" hits="4" branch="True" condition-coverage="50% (2/4)">
              <conditions>
                <condition number="58" type="jump" coverage="50%" />
                <condition number="79" type="jump" coverage="50%" />
              </conditions>
            </line>
            <line number="74" hits="4" branch="False" />
            <line number="76" hits="4" branch="True" condition-coverage="50% (1/2)">
              <conditions>
                <condition number="126" type="jump" coverage="50%" />
              </conditions>
            </line>
            <line number="77" hits="0" branch="False" />
            <line number="78" hits="0" branch="False" />
            <line number="79" hits="0" branch="False" />
            <line number="82" hits="4" branch="False" />
            <line number="84" hits="4" branch="True" condition-coverage="100% (2/2)">
              <conditions>
                <condition number="356" type="jump" coverage="100%" />
              </conditions>
            </line>
            <line number="85" hits="1" branch="False" />
            <line number="86" hits="1" branch="False" />
            <line number="87" hits="1" branch="False" />
            <line number="90" hits="3" branch="False" />
            <line number="92" hits="3" branch="False" />
            <line number="93" hits="3" branch="False" />
            <line number="94" hits="3" branch="False" />
            <line number="95" hits="3" branch="False" />
            <line number="96" hits="3" branch="False" />
            <line number="98" hits="0" branch="False" />
            <line number="99" hits="0" branch="False" />
            <line number="100" hits="0" branch="False" />
            <line number="101" hits="0" branch="False" />
            <line number="103" hits="4" branch="False" />
          </lines>
        </class>
        <class name="CnabApi.Common.Result`1" filename="Common\Result.cs" line-rate="0.65" branch-rate="0.5" complexity="12">
          <methods>
            <method name="get_IsSuccess" signature="()" line-rate="1" branch-rate="1" complexity="1">
              <lines>
                <line number="8" hits="208" branch="False" />
              </lines>
            </method>
            <method name="get_Data" signature="()" line-rate="1" branch-rate="1" complexity="1">
              <lines>
                <line number="9" hits="191" branch="False" />
              </lines>
            </method>
            <method name="get_ErrorMessage" signature="()" line-rate="1" branch-rate="1" complexity="1">
              <lines>
                <line number="10" hits="147" branch="False" />
              </lines>
            </method>
            <method name="get_Errors" signature="()" line-rate="1" branch-rate="1" complexity="1">
              <lines>
                <line number="11" hits="212" branch="False" />
              </lines>
            </method>
            <method name="Success" signature="(T)" line-rate="1" branch-rate="1" complexity="1">
              <lines>
                <line number="26" hits="59" branch="False" />
              </lines>
            </method>
            <method name="Failure" signature="(System.String)" line-rate="1" branch-rate="1" complexity="1">
              <lines>
                <line number="32" hits="47" branch="False" />
              </lines>
            </method>
            <method name="Failure" signature="(System.Collections.Generic.List`1&lt;System.String&gt;)" line-rate="0" branch-rate="1" complexity="1">
              <lines>
                <line number="38" hits="0" branch="False" />
              </lines>
            </method>
            <method name="Failure" signature="(System.Exception)" line-rate="0" branch-rate="1" complexity="1">
              <lines>
                <line number="44" hits="0" branch="False" />
              </lines>
            </method>
            <method name="GetErrorsAsString" signature="()" line-rate="0" branch-rate="0" complexity="2">
              <lines>
                <line number="50" hits="0" branch="False" />
                <line number="51" hits="0" branch="True" condition-coverage="0% (0/2)">
                  <conditions>
                    <condition number="17" type="jump" coverage="0%" />
                  </conditions>
                </line>
                <line number="52" hits="0" branch="False" />
                <line number="54" hits="0" branch="False" />
                <line number="55" hits="0" branch="False" />
              </lines>
            </method>
            <method name=".ctor" signature="(System.Boolean,T,System.String,System.Collections.Generic.List`1&lt;System.String&gt;)" line-rate="1" branch-rate="1" complexity="2">
              <lines>
                <line number="14" hits="106" branch="False" />
                <line number="15" hits="106" branch="False" />
                <line number="16" hits="106" branch="False" />
                <line number="17" hits="106" branch="False" />
                <line number="18" hits="106" branch="False" />
                <line number="19" hits="106" branch="True" condition-coverage="100% (2/2)">
                  <conditions>
                    <condition number="47" type="jump" coverage="100%" />
                  </conditions>
                </line>
                <line number="20" hits="106" branch="False" />
              </lines>
            </method>
          </methods>
          <lines>
            <line number="8" hits="208" branch="False" />
            <line number="9" hits="191" branch="False" />
            <line number="10" hits="147" branch="False" />
            <line number="11" hits="212" branch="False" />
            <line number="26" hits="59" branch="False" />
            <line number="32" hits="47" branch="False" />
            <line number="38" hits="0" branch="False" />
            <line number="44" hits="0" branch="False" />
            <line number="50" hits="0" branch="False" />
            <line number="51" hits="0" branch="True" condition-coverage="0% (0/2)">
              <conditions>
                <condition number="17" type="jump" coverage="0%" />
              </conditions>
            </line>
            <line number="52" hits="0" branch="False" />
            <line number="54" hits="0" branch="False" />
            <line number="55" hits="0" branch="False" />
            <line number="14" hits="106" branch="False" />
            <line number="15" hits="106" branch="False" />
            <line number="16" hits="106" branch="False" />
            <line number="17" hits="106" branch="False" />
            <line number="18" hits="106" branch="False" />
            <line number="19" hits="106" branch="True" condition-coverage="100% (2/2)">
              <conditions>
                <condition number="47" type="jump" coverage="100%" />
              </conditions>
            </line>
            <line number="20" hits="106" branch="False" />
          </lines>
        </class>
        <class name="CnabApi.Common.Result" filename="Common\Result.cs" line-rate="0.6111" branch-rate="0.5" complexity="11">
          <methods>
            <method name="get_IsSuccess" signature="()" line-rate="1" branch-rate="1" complexity="1">
              <lines>
                <line number="63" hits="10" branch="False" />
              </lines>
            </method>
            <method name="get_ErrorMessage" signature="()" line-rate="1" branch-rate="1" complexity="1">
              <lines>
                <line number="64" hits="7" branch="False" />
              </lines>
            </method>
            <method name="get_Errors" signature="()" line-rate="1" branch-rate="1" complexity="1">
              <lines>
                <line number="65" hits="10" branch="False" />
              </lines>
            </method>
            <method name="Success" signature="()" line-rate="1" branch-rate="1" complexity="1">
              <lines>
                <line number="79" hits="4" branch="False" />
              </lines>
            </method>
            <method name="Failure" signature="(System.String)" line-rate="1" branch-rate="1" complexity="1">
              <lines>
                <line number="85" hits="1" branch="False" />
              </lines>
            </method>
            <method name="Failure" signature="(System.Collections.Generic.List`1&lt;System.String&gt;)" line-rate="0" branch-rate="1" complexity="1">
              <lines>
                <line number="91" hits="0" branch="False" />
              </lines>
            </method>
            <method name="Failure" signature="(System.Exception)" line-rate="0" branch-rate="1" complexity="1">
              <lines>
                <line number="97" hits="0" branch="False" />
              </lines>
            </method>
            <method name="GetErrorsAsString" signature="()" line-rate="0" branch-rate="0" complexity="2">
              <lines>
                <line number="103" hits="0" branch="False" />
                <line number="104" hits="0" branch="True" condition-coverage="0% (0/2)">
                  <conditions>
                    <condition number="17" type="jump" coverage="0%" />
                  </conditions>
                </line>
                <line number="105" hits="0" branch="False" />
                <line number="107" hits="0" branch="False" />
                <line number="108" hits="0" branch="False" />
              </lines>
            </method>
            <method name=".ctor" signature="(System.Boolean,System.String,System.Collections.Generic.List`1&lt;System.String&gt;)" line-rate="1" branch-rate="1" complexity="2">
              <lines>
                <line number="68" hits="5" branch="False" />
                <line number="69" hits="5" branch="False" />
                <line number="70" hits="5" branch="False" />
                <line number="71" hits="5" branch="False" />
                <line number="72" hits="5" branch="True" condition-coverage="100% (2/2)">
                  <conditions>
                    <condition number="38" type="jump" coverage="100%" />
                  </conditions>
                </line>
                <line number="73" hits="5" branch="False" />
              </lines>
            </method>
          </methods>
          <lines>
            <line number="63" hits="10" branch="False" />
            <line number="64" hits="7" branch="False" />
            <line number="65" hits="10" branch="False" />
            <line number="79" hits="4" branch="False" />
            <line number="85" hits="1" branch="False" />
            <line number="91" hits="0" branch="False" />
            <line number="97" hits="0" branch="False" />
            <line number="103" hits="0" branch="False" />
            <line number="104" hits="0" branch="True" condition-coverage="0% (0/2)">
              <conditions>
                <condition number="17" type="jump" coverage="0%" />
              </conditions>
            </line>
            <line number="105" hits="0" branch="False" />
            <line number="107" hits="0" branch="False" />
            <line number="108" hits="0" branch="False" />
            <line number="68" hits="5" branch="False" />
            <line number="69" hits="5" branch="False" />
            <line number="70" hits="5" branch="False" />
            <line number="71" hits="5" branch="False" />
            <line number="72" hits="5" branch="True" condition-coverage="100% (2/2)">
              <conditions>
                <condition number="38" type="jump" coverage="100%" />
              </conditions>
            </line>
            <line number="73" hits="5" branch="False" />
          </lines>
        </class>
      </classes>
    </package>
  </packages>
</coverage>