<?xml version="1.0" encoding="utf-8"?>
<coverage line-rate="0.8994" branch-rate="0.7809" version="1.9" timestamp="1767470797" lines-covered="2236" lines-valid="2486" branches-covered="467" branches-valid="598">
  <sources>
    <source>E:\Projetos\backend-challenge\backend\</source>
  </sources>
  <packages>
    <package name="CnabApi" line-rate="0.8994" branch-rate="0.7809" complexity="832">
      <classes>
        <class name="CnabApi.Validators.LoginRequestValidator" filename="Validators\LoginRequestValidator.cs" line-rate="1" branch-rate="1" complexity="1">
          <methods>
            <method name=".ctor" signature="()" line-rate="1" branch-rate="1" complexity="1">
              <lines>
                <line number="10" hits="7" branch="False" />
                <line number="11" hits="7" branch="False" />
                <line number="12" hits="7" branch="False" />
                <line number="13" hits="7" branch="False" />
                <line number="14" hits="7" branch="False" />
                <line number="16" hits="7" branch="False" />
                <line number="17" hits="7" branch="False" />
                <line number="18" hits="7" branch="False" />
                <line number="19" hits="7" branch="False" />
              </lines>
            </method>
          </methods>
          <lines>
            <line number="10" hits="7" branch="False" />
            <line number="11" hits="7" branch="False" />
            <line number="12" hits="7" branch="False" />
            <line number="13" hits="7" branch="False" />
            <line number="14" hits="7" branch="False" />
            <line number="16" hits="7" branch="False" />
            <line number="17" hits="7" branch="False" />
            <line number="18" hits="7" branch="False" />
            <line number="19" hits="7" branch="False" />
          </lines>
        </class>
        <class name="CnabApi.Validators.RegisterRequestValidator" filename="Validators\RegisterRequestValidator.cs" line-rate="1" branch-rate="1" complexity="1">
          <methods>
            <method name=".ctor" signature="()" line-rate="1" branch-rate="1" complexity="1">
              <lines>
                <line number="10" hits="8" branch="False" />
                <line number="11" hits="8" branch="False" />
                <line number="12" hits="8" branch="False" />
                <line number="13" hits="8" branch="False" />
                <line number="14" hits="8" branch="False" />
                <line number="15" hits="8" branch="False" />
                <line number="16" hits="8" branch="False" />
                <line number="17" hits="8" branch="False" />
                <line number="18" hits="8" branch="False" />
                <line number="19" hits="8" branch="False" />
                <line number="20" hits="8" branch="False" />
                <line number="22" hits="8" branch="False" />
                <line number="23" hits="8" branch="False" />
                <line number="24" hits="8" branch="False" />
                <line number="25" hits="8" branch="False" />
                <line number="26" hits="8" branch="False" />
                <line number="27" hits="8" branch="False" />
                <line number="28" hits="8" branch="False" />
                <line number="29" hits="8" branch="False" />
              </lines>
            </method>
          </methods>
          <lines>
            <line number="10" hits="8" branch="False" />
            <line number="11" hits="8" branch="False" />
            <line number="12" hits="8" branch="False" />
            <line number="13" hits="8" branch="False" />
            <line number="14" hits="8" branch="False" />
            <line number="15" hits="8" branch="False" />
            <line number="16" hits="8" branch="False" />
            <line number="17" hits="8" branch="False" />
            <line number="18" hits="8" branch="False" />
            <line number="19" hits="8" branch="False" />
            <line number="20" hits="8" branch="False" />
            <line number="22" hits="8" branch="False" />
            <line number="23" hits="8" branch="False" />
            <line number="24" hits="8" branch="False" />
            <line number="25" hits="8" branch="False" />
            <line number="26" hits="8" branch="False" />
            <line number="27" hits="8" branch="False" />
            <line number="28" hits="8" branch="False" />
            <line number="29" hits="8" branch="False" />
          </lines>
        </class>
        <class name="CnabApi.Validators.TransactionValidator" filename="Validators\TransactionValidator.cs" line-rate="0.9726" branch-rate="0.875" complexity="24">
          <methods>
            <method name="IsValidCpf" signature="(System.String)" line-rate="0.9129999999999999" branch-rate="0.8636" complexity="22">
              <lines>
                <line number="73" hits="34" branch="False" />
                <line number="74" hits="34" branch="True" condition-coverage="100% (4/4)">
                  <conditions>
                    <condition number="25" type="jump" coverage="100%" />
                    <condition number="50" type="jump" coverage="100%" />
                  </conditions>
                </line>
                <line number="75" hits="5" branch="False" />
                <line number="78" hits="150" branch="True" condition-coverage="100% (2/2)">
                  <conditions>
                    <condition number="87" type="jump" coverage="100%" />
                  </conditions>
                </line>
                <line number="79" hits="1" branch="False" />
                <line number="82" hits="28" branch="False" />
                <line number="85" hits="560" branch="True" condition-coverage="100% (2/2)">
                  <conditions>
                    <condition number="161" type="jump" coverage="100%" />
                  </conditions>
                </line>
                <line number="86" hits="252" branch="False" />
                <line number="88" hits="28" branch="False" />
                <line number="90" hits="28" branch="True" condition-coverage="100% (4/4)">
                  <conditions>
                    <condition number="174" type="jump" coverage="100%" />
                    <condition number="188" type="jump" coverage="100%" />
                  </conditions>
                </line>
                <line number="91" hits="1" branch="False" />
                <line number="93" hits="28" branch="True" condition-coverage="50% (1/2)">
                  <conditions>
                    <condition number="229" type="jump" coverage="50%" />
                  </conditions>
                </line>
                <line number="94" hits="0" branch="False" />
                <line number="97" hits="28" branch="False" />
                <line number="98" hits="616" branch="True" condition-coverage="100% (2/2)">
                  <conditions>
                    <condition number="303" type="jump" coverage="100%" />
                  </conditions>
                </line>
                <line number="99" hits="280" branch="False" />
                <line number="101" hits="28" branch="False" />
                <line number="103" hits="28" branch="True" condition-coverage="50% (2/4)">
                  <conditions>
                    <condition number="316" type="jump" coverage="50%" />
                    <condition number="330" type="jump" coverage="50%" />
                  </conditions>
                </line>
                <line number="104" hits="0" branch="False" />
                <line number="106" hits="28" branch="True" condition-coverage="100% (2/2)">
                  <conditions>
                    <condition number="371" type="jump" coverage="100%" />
                  </conditions>
                </line>
                <line number="107" hits="1" branch="False" />
                <line number="109" hits="27" branch="False" />
                <line number="110" hits="34" branch="False" />
              </lines>
            </method>
            <method name=".ctor" signature="()" line-rate="1" branch-rate="1" complexity="2">
              <lines>
                <line number="11" hits="34" branch="False" />
                <line number="12" hits="34" branch="False" />
                <line number="13" hits="34" branch="False" />
                <line number="14" hits="34" branch="False" />
                <line number="15" hits="34" branch="False" />
                <line number="16" hits="34" branch="False" />
                <line number="17" hits="34" branch="False" />
                <line number="18" hits="34" branch="False" />
                <line number="19" hits="34" branch="False" />
                <line number="20" hits="34" branch="False" />
                <line number="21" hits="34" branch="False" />
                <line number="22" hits="34" branch="True" condition-coverage="100% (2/2)">
                  <conditions>
                    <condition number="12" type="jump" coverage="100%" />
                  </conditions>
                </line>
                <line number="23" hits="7" branch="False" />
                <line number="24" hits="7" branch="False" />
                <line number="25" hits="7" branch="False" />
                <line number="26" hits="68" branch="False" />
                <line number="28" hits="34" branch="False" />
                <line number="29" hits="34" branch="False" />
                <line number="30" hits="34" branch="False" />
                <line number="31" hits="34" branch="False" />
                <line number="32" hits="34" branch="False" />
                <line number="34" hits="34" branch="False" />
                <line number="35" hits="34" branch="False" />
                <line number="36" hits="34" branch="False" />
                <line number="37" hits="34" branch="False" />
                <line number="38" hits="34" branch="False" />
                <line number="40" hits="34" branch="False" />
                <line number="41" hits="34" branch="False" />
                <line number="42" hits="34" branch="False" />
                <line number="44" hits="34" branch="False" />
                <line number="45" hits="34" branch="False" />
                <line number="46" hits="34" branch="False" />
                <line number="47" hits="34" branch="False" />
                <line number="48" hits="34" branch="False" />
                <line number="50" hits="34" branch="False" />
                <line number="51" hits="34" branch="False" />
                <line number="52" hits="34" branch="False" />
                <line number="53" hits="34" branch="False" />
                <line number="54" hits="34" branch="False" />
                <line number="56" hits="34" branch="False" />
                <line number="57" hits="34" branch="False" />
                <line number="58" hits="34" branch="False" />
                <line number="59" hits="34" branch="False" />
                <line number="60" hits="34" branch="False" />
                <line number="62" hits="34" branch="False" />
                <line number="63" hits="34" branch="False" />
                <line number="64" hits="34" branch="False" />
                <line number="65" hits="34" branch="False" />
                <line number="66" hits="34" branch="False" />
                <line number="67" hits="34" branch="False" />
              </lines>
            </method>
          </methods>
          <lines>
            <line number="73" hits="34" branch="False" />
            <line number="74" hits="34" branch="True" condition-coverage="100% (4/4)">
              <conditions>
                <condition number="25" type="jump" coverage="100%" />
                <condition number="50" type="jump" coverage="100%" />
              </conditions>
            </line>
            <line number="75" hits="5" branch="False" />
            <line number="78" hits="150" branch="True" condition-coverage="100% (2/2)">
              <conditions>
                <condition number="87" type="jump" coverage="100%" />
              </conditions>
            </line>
            <line number="79" hits="1" branch="False" />
            <line number="82" hits="28" branch="False" />
            <line number="85" hits="560" branch="True" condition-coverage="100% (2/2)">
              <conditions>
                <condition number="161" type="jump" coverage="100%" />
              </conditions>
            </line>
            <line number="86" hits="252" branch="False" />
            <line number="88" hits="28" branch="False" />
            <line number="90" hits="28" branch="True" condition-coverage="100% (4/4)">
              <conditions>
                <condition number="174" type="jump" coverage="100%" />
                <condition number="188" type="jump" coverage="100%" />
              </conditions>
            </line>
            <line number="91" hits="1" branch="False" />
            <line number="93" hits="28" branch="True" condition-coverage="50% (1/2)">
              <conditions>
                <condition number="229" type="jump" coverage="50%" />
              </conditions>
            </line>
            <line number="94" hits="0" branch="False" />
            <line number="97" hits="28" branch="False" />
            <line number="98" hits="616" branch="True" condition-coverage="100% (2/2)">
              <conditions>
                <condition number="303" type="jump" coverage="100%" />
              </conditions>
            </line>
            <line number="99" hits="280" branch="False" />
            <line number="101" hits="28" branch="False" />
            <line number="103" hits="28" branch="True" condition-coverage="50% (2/4)">
              <conditions>
                <condition number="316" type="jump" coverage="50%" />
                <condition number="330" type="jump" coverage="50%" />
              </conditions>
            </line>
            <line number="104" hits="0" branch="False" />
            <line number="106" hits="28" branch="True" condition-coverage="100% (2/2)">
              <conditions>
                <condition number="371" type="jump" coverage="100%" />
              </conditions>
            </line>
            <line number="107" hits="1" branch="False" />
            <line number="109" hits="27" branch="False" />
            <line number="110" hits="34" branch="False" />
            <line number="11" hits="34" branch="False" />
            <line number="12" hits="34" branch="False" />
            <line number="13" hits="34" branch="False" />
            <line number="14" hits="34" branch="False" />
            <line number="15" hits="34" branch="False" />
            <line number="16" hits="34" branch="False" />
            <line number="17" hits="34" branch="False" />
            <line number="18" hits="34" branch="False" />
            <line number="19" hits="34" branch="False" />
            <line number="20" hits="34" branch="False" />
            <line number="21" hits="34" branch="False" />
            <line number="22" hits="34" branch="True" condition-coverage="100% (2/2)">
              <conditions>
                <condition number="12" type="jump" coverage="100%" />
              </conditions>
            </line>
            <line number="23" hits="7" branch="False" />
            <line number="24" hits="7" branch="False" />
            <line number="25" hits="7" branch="False" />
            <line number="26" hits="68" branch="False" />
            <line number="28" hits="34" branch="False" />
            <line number="29" hits="34" branch="False" />
            <line number="30" hits="34" branch="False" />
            <line number="31" hits="34" branch="False" />
            <line number="32" hits="34" branch="False" />
            <line number="34" hits="34" branch="False" />
            <line number="35" hits="34" branch="False" />
            <line number="36" hits="34" branch="False" />
            <line number="37" hits="34" branch="False" />
            <line number="38" hits="34" branch="False" />
            <line number="40" hits="34" branch="False" />
            <line number="41" hits="34" branch="False" />
            <line number="42" hits="34" branch="False" />
            <line number="44" hits="34" branch="False" />
            <line number="45" hits="34" branch="False" />
            <line number="46" hits="34" branch="False" />
            <line number="47" hits="34" branch="False" />
            <line number="48" hits="34" branch="False" />
            <line number="50" hits="34" branch="False" />
            <line number="51" hits="34" branch="False" />
            <line number="52" hits="34" branch="False" />
            <line number="53" hits="34" branch="False" />
            <line number="54" hits="34" branch="False" />
            <line number="56" hits="34" branch="False" />
            <line number="57" hits="34" branch="False" />
            <line number="58" hits="34" branch="False" />
            <line number="59" hits="34" branch="False" />
            <line number="60" hits="34" branch="False" />
            <line number="62" hits="34" branch="False" />
            <line number="63" hits="34" branch="False" />
            <line number="64" hits="34" branch="False" />
            <line number="65" hits="34" branch="False" />
            <line number="66" hits="34" branch="False" />
            <line number="67" hits="34" branch="False" />
          </lines>
        </class>
        <class name="CnabApi.Utilities.CorrelationIdHelper" filename="Utilities\CorrelationIdHelper.cs" line-rate="1" branch-rate="1" complexity="5">
          <methods>
            <method name="GetOrCreateCorrelationId" signature="()" line-rate="1" branch-rate="1" complexity="2">
              <lines>
                <line number="16" hits="4" branch="False" />
                <line number="17" hits="4" branch="True" condition-coverage="100% (2/2)">
                  <conditions>
                    <condition number="18" type="jump" coverage="100%" />
                  </conditions>
                </line>
                <line number="18" hits="3" branch="False" />
                <line number="19" hits="3" branch="False" />
                <line number="20" hits="3" branch="False" />
                <line number="21" hits="4" branch="False" />
                <line number="22" hits="4" branch="False" />
              </lines>
            </method>
            <method name="SetCorrelationId" signature="(System.String)" line-rate="1" branch-rate="1" complexity="1">
              <lines>
                <line number="28" hits="14" branch="False" />
                <line number="29" hits="14" branch="False" />
                <line number="30" hits="14" branch="False" />
              </lines>
            </method>
            <method name="GetCorrelationId" signature="()" line-rate="1" branch-rate="1" complexity="1">
              <lines>
                <line number="36" hits="8" branch="False" />
                <line number="37" hits="8" branch="False" />
                <line number="38" hits="8" branch="False" />
              </lines>
            </method>
            <method name=".cctor" signature="()" line-rate="1" branch-rate="1" complexity="1">
              <lines>
                <line number="8" hits="1" branch="False" />
              </lines>
            </method>
          </methods>
          <lines>
            <line number="16" hits="4" branch="False" />
            <line number="17" hits="4" branch="True" condition-coverage="100% (2/2)">
              <conditions>
                <condition number="18" type="jump" coverage="100%" />
              </conditions>
            </line>
            <line number="18" hits="3" branch="False" />
            <line number="19" hits="3" branch="False" />
            <line number="20" hits="3" branch="False" />
            <line number="21" hits="4" branch="False" />
            <line number="22" hits="4" branch="False" />
            <line number="28" hits="14" branch="False" />
            <line number="29" hits="14" branch="False" />
            <line number="30" hits="14" branch="False" />
            <line number="36" hits="8" branch="False" />
            <line number="37" hits="8" branch="False" />
            <line number="38" hits="8" branch="False" />
            <line number="8" hits="1" branch="False" />
          </lines>
        </class>
        <class name="CnabApi.Utilities.CursorPaginationHelper" filename="Utilities\CursorPaginationHelper.cs" line-rate="1" branch-rate="1" complexity="10">
          <methods>
            <method name="EncodeCursor" signature="(System.String)" line-rate="1" branch-rate="1" complexity="2">
              <lines>
                <line number="17" hits="10" branch="False" />
                <line number="18" hits="10" branch="True" condition-coverage="100% (2/2)">
                  <conditions>
                    <condition number="9" type="jump" coverage="100%" />
                  </conditions>
                </line>
                <line number="19" hits="2" branch="False" />
                <line number="21" hits="8" branch="False" />
                <line number="22" hits="8" branch="False" />
                <line number="23" hits="10" branch="False" />
              </lines>
            </method>
            <method name="DecodeCursor" signature="(System.String)" line-rate="1" branch-rate="1" complexity="2">
              <lines>
                <line number="31" hits="7" branch="False" />
                <line number="32" hits="7" branch="True" condition-coverage="100% (2/2)">
                  <conditions>
                    <condition number="9" type="jump" coverage="100%" />
                  </conditions>
                </line>
                <line number="33" hits="2" branch="False" />
                <line number="36" hits="5" branch="False" />
                <line number="37" hits="5" branch="False" />
                <line number="38" hits="4" branch="False" />
                <line number="40" hits="1" branch="False" />
                <line number="41" hits="1" branch="False" />
                <line number="42" hits="1" branch="False" />
                <line number="44" hits="7" branch="False" />
              </lines>
            </method>
            <method name="CreatePaginatedResponse" signature="(System.Collections.Generic.IEnumerable`1&lt;T&gt;,System.Int32,System.String,System.Func`2&lt;T,System.String&gt;)" line-rate="1" branch-rate="1" complexity="6">
              <lines>
                <line number="60" hits="8" branch="False" />
                <line number="61" hits="8" branch="False" />
                <line number="63" hits="8" branch="True" condition-coverage="100% (2/2)">
                  <conditions>
                    <condition number="21" type="jump" coverage="100%" />
                  </conditions>
                </line>
                <line number="64" hits="1" branch="False" />
                <line number="65" hits="1" branch="False" />
                <line number="66" hits="1" branch="False" />
                <line number="67" hits="1" branch="False" />
                <line number="68" hits="1" branch="False" />
                <line number="69" hits="1" branch="False" />
                <line number="70" hits="1" branch="False" />
                <line number="73" hits="7" branch="False" />
                <line number="74" hits="7" branch="False" />
                <line number="77" hits="7" branch="False" />
                <line number="79" hits="7" branch="True" condition-coverage="100% (2/2)">
                  <conditions>
                    <condition number="103" type="jump" coverage="100%" />
                  </conditions>
                </line>
                <line number="80" hits="7" branch="False" />
                <line number="81" hits="7" branch="False" />
                <line number="83" hits="7" branch="True" condition-coverage="100% (2/2)">
                  <conditions>
                    <condition number="133" type="jump" coverage="100%" />
                  </conditions>
                </line>
                <line number="84" hits="7" branch="False" />
                <line number="85" hits="7" branch="False" />
                <line number="87" hits="7" branch="False" />
                <line number="88" hits="7" branch="False" />
                <line number="89" hits="7" branch="False" />
                <line number="90" hits="7" branch="False" />
                <line number="91" hits="7" branch="False" />
                <line number="92" hits="7" branch="False" />
                <line number="93" hits="7" branch="False" />
                <line number="94" hits="8" branch="False" />
              </lines>
            </method>
          </methods>
          <lines>
            <line number="17" hits="10" branch="False" />
            <line number="18" hits="10" branch="True" condition-coverage="100% (2/2)">
              <conditions>
                <condition number="9" type="jump" coverage="100%" />
              </conditions>
            </line>
            <line number="19" hits="2" branch="False" />
            <line number="21" hits="8" branch="False" />
            <line number="22" hits="8" branch="False" />
            <line number="23" hits="10" branch="False" />
            <line number="31" hits="7" branch="False" />
            <line number="32" hits="7" branch="True" condition-coverage="100% (2/2)">
              <conditions>
                <condition number="9" type="jump" coverage="100%" />
              </conditions>
            </line>
            <line number="33" hits="2" branch="False" />
            <line number="36" hits="5" branch="False" />
            <line number="37" hits="5" branch="False" />
            <line number="38" hits="4" branch="False" />
            <line number="40" hits="1" branch="False" />
            <line number="41" hits="1" branch="False" />
            <line number="42" hits="1" branch="False" />
            <line number="44" hits="7" branch="False" />
            <line number="60" hits="8" branch="False" />
            <line number="61" hits="8" branch="False" />
            <line number="63" hits="8" branch="True" condition-coverage="100% (2/2)">
              <conditions>
                <condition number="21" type="jump" coverage="100%" />
              </conditions>
            </line>
            <line number="64" hits="1" branch="False" />
            <line number="65" hits="1" branch="False" />
            <line number="66" hits="1" branch="False" />
            <line number="67" hits="1" branch="False" />
            <line number="68" hits="1" branch="False" />
            <line number="69" hits="1" branch="False" />
            <line number="70" hits="1" branch="False" />
            <line number="73" hits="7" branch="False" />
            <line number="74" hits="7" branch="False" />
            <line number="77" hits="7" branch="False" />
            <line number="79" hits="7" branch="True" condition-coverage="100% (2/2)">
              <conditions>
                <condition number="103" type="jump" coverage="100%" />
              </conditions>
            </line>
            <line number="80" hits="7" branch="False" />
            <line number="81" hits="7" branch="False" />
            <line number="83" hits="7" branch="True" condition-coverage="100% (2/2)">
              <conditions>
                <condition number="133" type="jump" coverage="100%" />
              </conditions>
            </line>
            <line number="84" hits="7" branch="False" />
            <line number="85" hits="7" branch="False" />
            <line number="87" hits="7" branch="False" />
            <line number="88" hits="7" branch="False" />
            <line number="89" hits="7" branch="False" />
            <line number="90" hits="7" branch="False" />
            <line number="91" hits="7" branch="False" />
            <line number="92" hits="7" branch="False" />
            <line number="93" hits="7" branch="False" />
            <line number="94" hits="8" branch="False" />
          </lines>
        </class>
        <class name="CnabApi.Services.CnabParserService" filename="Services\CnabParserService.cs" line-rate="0.8761" branch-rate="1" complexity="44">
          <methods>
            <method name="ParseCnabFile" signature="(System.String)" line-rate="0.8518000000000001" branch-rate="1" complexity="12">
              <lines>
                <line number="17" hits="42" branch="False" />
                <line number="19" hits="42" branch="False" />
                <line number="20" hits="42" branch="True" condition-coverage="100% (2/2)">
                  <conditions>
                    <condition number="10" type="jump" coverage="100%" />
                  </conditions>
                </line>
                <line number="21" hits="4" branch="False" />
                <line number="23" hits="38" branch="False" />
                <line number="24" hits="38" branch="False" />
                <line number="26" hits="194" branch="True" condition-coverage="100% (2/2)">
                  <conditions>
                    <condition number="236" type="jump" coverage="100%" />
                  </conditions>
                </line>
                <line number="27" hits="41" branch="False" />
                <line number="28" hits="41" branch="True" condition-coverage="100% (2/2)">
                  <conditions>
                    <condition number="103" type="jump" coverage="100%" />
                  </conditions>
                </line>
                <line number="29" hits="0" branch="False" />
                <line number="31" hits="41" branch="True" condition-coverage="100% (2/2)">
                  <conditions>
                    <condition number="122" type="jump" coverage="100%" />
                  </conditions>
                </line>
                <line number="32" hits="2" branch="False" />
                <line number="33" hits="2" branch="False" />
                <line number="34" hits="2" branch="False" />
                <line number="37" hits="39" branch="False" />
                <line number="38" hits="39" branch="True" condition-coverage="100% (2/2)">
                  <conditions>
                    <condition number="210" type="jump" coverage="100%" />
                  </conditions>
                </line>
                <line number="39" hits="30" branch="False" />
                <line number="40" hits="30" branch="False" />
                <line number="41" hits="30" branch="False" />
                <line number="42" hits="39" branch="False" />
                <line number="44" hits="36" branch="True" condition-coverage="100% (2/2)">
                  <conditions>
                    <condition number="254" type="jump" coverage="100%" />
                  </conditions>
                </line>
                <line number="45" hits="9" branch="False" />
                <line number="47" hits="27" branch="False" />
                <line number="49" hits="0" branch="False" />
                <line number="50" hits="0" branch="False" />
                <line number="51" hits="0" branch="False" />
                <line number="53" hits="42" branch="False" />
              </lines>
            </method>
            <method name="ParseCnabLine" signature="(System.String,System.Int32)" line-rate="0.7857" branch-rate="1" complexity="6">
              <lines>
                <line number="59" hits="12" branch="False" />
                <line number="61" hits="12" branch="False" />
                <line number="62" hits="12" branch="True" condition-coverage="100% (2/2)">
                  <conditions>
                    <condition number="10" type="jump" coverage="100%" />
                  </conditions>
                </line>
                <line number="63" hits="3" branch="False" />
                <line number="65" hits="9" branch="True" condition-coverage="100% (2/2)">
                  <conditions>
                    <condition number="88" type="jump" coverage="100%" />
                  </conditions>
                </line>
                <line number="66" hits="5" branch="False" />
                <line number="68" hits="4" branch="False" />
                <line number="69" hits="4" branch="True" condition-coverage="100% (2/2)">
                  <conditions>
                    <condition number="196" type="jump" coverage="100%" />
                  </conditions>
                </line>
                <line number="70" hits="2" branch="False" />
                <line number="72" hits="2" branch="False" />
                <line number="74" hits="0" branch="False" />
                <line number="75" hits="0" branch="False" />
                <line number="76" hits="0" branch="False" />
                <line number="78" hits="12" branch="False" />
              </lines>
            </method>
            <method name="ParseTransaction" signature="(System.String)" line-rate="0.9117000000000001" branch-rate="1" complexity="6">
              <lines>
                <line number="81" hits="43" branch="False" />
                <line number="83" hits="43" branch="False" />
                <line number="94" hits="43" branch="False" />
                <line number="95" hits="43" branch="False" />
                <line number="96" hits="43" branch="False" />
                <line number="97" hits="43" branch="False" />
                <line number="98" hits="43" branch="False" />
                <line number="99" hits="43" branch="False" />
                <line number="100" hits="43" branch="False" />
                <line number="101" hits="43" branch="False" />
                <line number="104" hits="43" branch="True" condition-coverage="100% (2/2)">
                  <conditions>
                    <condition number="144" type="jump" coverage="100%" />
                  </conditions>
                </line>
                <line number="105" hits="3" branch="False" />
                <line number="107" hits="40" branch="False" />
                <line number="110" hits="40" branch="True" condition-coverage="100% (2/2)">
                  <conditions>
                    <condition number="185" type="jump" coverage="100%" />
                  </conditions>
                </line>
                <line number="111" hits="6" branch="False" />
                <line number="114" hits="34" branch="True" condition-coverage="100% (2/2)">
                  <conditions>
                    <condition number="211" type="jump" coverage="100%" />
                  </conditions>
                </line>
                <line number="115" hits="2" branch="False" />
                <line number="117" hits="32" branch="False" />
                <line number="118" hits="32" branch="False" />
                <line number="119" hits="32" branch="False" />
                <line number="120" hits="32" branch="False" />
                <line number="121" hits="32" branch="False" />
                <line number="122" hits="32" branch="False" />
                <line number="123" hits="32" branch="False" />
                <line number="124" hits="32" branch="False" />
                <line number="125" hits="32" branch="False" />
                <line number="126" hits="32" branch="False" />
                <line number="127" hits="32" branch="False" />
                <line number="128" hits="32" branch="False" />
                <line number="129" hits="32" branch="False" />
                <line number="131" hits="0" branch="False" />
                <line number="132" hits="0" branch="False" />
                <line number="133" hits="0" branch="False" />
                <line number="135" hits="43" branch="False" />
              </lines>
            </method>
            <method name="ParseDate" signature="(System.String,System.DateTime&amp;)" line-rate="1" branch-rate="1" complexity="10">
              <lines>
                <line number="138" hits="40" branch="False" />
                <line number="139" hits="40" branch="False" />
                <line number="141" hits="40" branch="True" condition-coverage="100% (4/4)">
                  <conditions>
                    <condition number="18" type="jump" coverage="100%" />
                    <condition number="37" type="jump" coverage="100%" />
                  </conditions>
                </line>
                <line number="142" hits="1" branch="False" />
                <line number="144" hits="39" branch="True" condition-coverage="100% (6/6)">
                  <conditions>
                    <condition number="59" type="jump" coverage="100%" />
                    <condition number="76" type="jump" coverage="100%" />
                    <condition number="103" type="jump" coverage="100%" />
                  </conditions>
                </line>
                <line number="145" hits="39" branch="False" />
                <line number="146" hits="39" branch="False" />
                <line number="147" hits="1" branch="False" />
                <line number="150" hits="38" branch="False" />
                <line number="151" hits="38" branch="False" />
                <line number="152" hits="34" branch="False" />
                <line number="154" hits="4" branch="False" />
                <line number="155" hits="4" branch="False" />
                <line number="156" hits="4" branch="False" />
                <line number="158" hits="40" branch="False" />
              </lines>
            </method>
            <method name="ParseTime" signature="(System.String,System.TimeSpan&amp;)" line-rate="0.8" branch-rate="1" complexity="10">
              <lines>
                <line number="161" hits="34" branch="False" />
                <line number="162" hits="34" branch="False" />
                <line number="164" hits="34" branch="True" condition-coverage="100% (4/4)">
                  <conditions>
                    <condition number="18" type="jump" coverage="100%" />
                    <condition number="37" type="jump" coverage="100%" />
                  </conditions>
                </line>
                <line number="165" hits="1" branch="False" />
                <line number="167" hits="33" branch="True" condition-coverage="100% (6/6)">
                  <conditions>
                    <condition number="59" type="jump" coverage="100%" />
                    <condition number="76" type="jump" coverage="100%" />
                    <condition number="103" type="jump" coverage="100%" />
                  </conditions>
                </line>
                <line number="168" hits="33" branch="False" />
                <line number="169" hits="33" branch="False" />
                <line number="170" hits="1" branch="False" />
                <line number="173" hits="32" branch="False" />
                <line number="174" hits="32" branch="False" />
                <line number="175" hits="32" branch="False" />
                <line number="177" hits="0" branch="False" />
                <line number="178" hits="0" branch="False" />
                <line number="179" hits="0" branch="False" />
                <line number="181" hits="34" branch="False" />
              </lines>
            </method>
          </methods>
          <lines>
            <line number="17" hits="42" branch="False" />
            <line number="19" hits="42" branch="False" />
            <line number="20" hits="42" branch="True" condition-coverage="100% (2/2)">
              <conditions>
                <condition number="10" type="jump" coverage="100%" />
              </conditions>
            </line>
            <line number="21" hits="4" branch="False" />
            <line number="23" hits="38" branch="False" />
            <line number="24" hits="38" branch="False" />
            <line number="26" hits="194" branch="True" condition-coverage="100% (2/2)">
              <conditions>
                <condition number="236" type="jump" coverage="100%" />
              </conditions>
            </line>
            <line number="27" hits="41" branch="False" />
            <line number="28" hits="41" branch="True" condition-coverage="100% (2/2)">
              <conditions>
                <condition number="103" type="jump" coverage="100%" />
              </conditions>
            </line>
            <line number="29" hits="0" branch="False" />
            <line number="31" hits="41" branch="True" condition-coverage="100% (2/2)">
              <conditions>
                <condition number="122" type="jump" coverage="100%" />
              </conditions>
            </line>
            <line number="32" hits="2" branch="False" />
            <line number="33" hits="2" branch="False" />
            <line number="34" hits="2" branch="False" />
            <line number="37" hits="39" branch="False" />
            <line number="38" hits="39" branch="True" condition-coverage="100% (2/2)">
              <conditions>
                <condition number="210" type="jump" coverage="100%" />
              </conditions>
            </line>
            <line number="39" hits="30" branch="False" />
            <line number="40" hits="30" branch="False" />
            <line number="41" hits="30" branch="False" />
            <line number="42" hits="39" branch="False" />
            <line number="44" hits="36" branch="True" condition-coverage="100% (2/2)">
              <conditions>
                <condition number="254" type="jump" coverage="100%" />
              </conditions>
            </line>
            <line number="45" hits="9" branch="False" />
            <line number="47" hits="27" branch="False" />
            <line number="49" hits="0" branch="False" />
            <line number="50" hits="0" branch="False" />
            <line number="51" hits="0" branch="False" />
            <line number="53" hits="42" branch="False" />
            <line number="59" hits="12" branch="False" />
            <line number="61" hits="12" branch="False" />
            <line number="62" hits="12" branch="True" condition-coverage="100% (2/2)">
              <conditions>
                <condition number="10" type="jump" coverage="100%" />
              </conditions>
            </line>
            <line number="63" hits="3" branch="False" />
            <line number="65" hits="9" branch="True" condition-coverage="100% (2/2)">
              <conditions>
                <condition number="88" type="jump" coverage="100%" />
              </conditions>
            </line>
            <line number="66" hits="5" branch="False" />
            <line number="68" hits="4" branch="False" />
            <line number="69" hits="4" branch="True" condition-coverage="100% (2/2)">
              <conditions>
                <condition number="196" type="jump" coverage="100%" />
              </conditions>
            </line>
            <line number="70" hits="2" branch="False" />
            <line number="72" hits="2" branch="False" />
            <line number="74" hits="0" branch="False" />
            <line number="75" hits="0" branch="False" />
            <line number="76" hits="0" branch="False" />
            <line number="78" hits="12" branch="False" />
            <line number="81" hits="43" branch="False" />
            <line number="83" hits="43" branch="False" />
            <line number="94" hits="43" branch="False" />
            <line number="95" hits="43" branch="False" />
            <line number="96" hits="43" branch="False" />
            <line number="97" hits="43" branch="False" />
            <line number="98" hits="43" branch="False" />
            <line number="99" hits="43" branch="False" />
            <line number="100" hits="43" branch="False" />
            <line number="101" hits="43" branch="False" />
            <line number="104" hits="43" branch="True" condition-coverage="100% (2/2)">
              <conditions>
                <condition number="144" type="jump" coverage="100%" />
              </conditions>
            </line>
            <line number="105" hits="3" branch="False" />
            <line number="107" hits="40" branch="False" />
            <line number="110" hits="40" branch="True" condition-coverage="100% (2/2)">
              <conditions>
                <condition number="185" type="jump" coverage="100%" />
              </conditions>
            </line>
            <line number="111" hits="6" branch="False" />
            <line number="114" hits="34" branch="True" condition-coverage="100% (2/2)">
              <conditions>
                <condition number="211" type="jump" coverage="100%" />
              </conditions>
            </line>
            <line number="115" hits="2" branch="False" />
            <line number="117" hits="32" branch="False" />
            <line number="118" hits="32" branch="False" />
            <line number="119" hits="32" branch="False" />
            <line number="120" hits="32" branch="False" />
            <line number="121" hits="32" branch="False" />
            <line number="122" hits="32" branch="False" />
            <line number="123" hits="32" branch="False" />
            <line number="124" hits="32" branch="False" />
            <line number="125" hits="32" branch="False" />
            <line number="126" hits="32" branch="False" />
            <line number="127" hits="32" branch="False" />
            <line number="128" hits="32" branch="False" />
            <line number="129" hits="32" branch="False" />
            <line number="131" hits="0" branch="False" />
            <line number="132" hits="0" branch="False" />
            <line number="133" hits="0" branch="False" />
            <line number="135" hits="43" branch="False" />
            <line number="138" hits="40" branch="False" />
            <line number="139" hits="40" branch="False" />
            <line number="141" hits="40" branch="True" condition-coverage="100% (4/4)">
              <conditions>
                <condition number="18" type="jump" coverage="100%" />
                <condition number="37" type="jump" coverage="100%" />
              </conditions>
            </line>
            <line number="142" hits="1" branch="False" />
            <line number="144" hits="39" branch="True" condition-coverage="100% (6/6)">
              <conditions>
                <condition number="59" type="jump" coverage="100%" />
                <condition number="76" type="jump" coverage="100%" />
                <condition number="103" type="jump" coverage="100%" />
              </conditions>
            </line>
            <line number="145" hits="39" branch="False" />
            <line number="146" hits="39" branch="False" />
            <line number="147" hits="1" branch="False" />
            <line number="150" hits="38" branch="False" />
            <line number="151" hits="38" branch="False" />
            <line number="152" hits="34" branch="False" />
            <line number="154" hits="4" branch="False" />
            <line number="155" hits="4" branch="False" />
            <line number="156" hits="4" branch="False" />
            <line number="158" hits="40" branch="False" />
            <line number="161" hits="34" branch="False" />
            <line number="162" hits="34" branch="False" />
            <line number="164" hits="34" branch="True" condition-coverage="100% (4/4)">
              <conditions>
                <condition number="18" type="jump" coverage="100%" />
                <condition number="37" type="jump" coverage="100%" />
              </conditions>
            </line>
            <line number="165" hits="1" branch="False" />
            <line number="167" hits="33" branch="True" condition-coverage="100% (6/6)">
              <conditions>
                <condition number="59" type="jump" coverage="100%" />
                <condition number="76" type="jump" coverage="100%" />
                <condition number="103" type="jump" coverage="100%" />
              </conditions>
            </line>
            <line number="168" hits="33" branch="False" />
            <line number="169" hits="33" branch="False" />
            <line number="170" hits="1" branch="False" />
            <line number="173" hits="32" branch="False" />
            <line number="174" hits="32" branch="False" />
            <line number="175" hits="32" branch="False" />
            <line number="177" hits="0" branch="False" />
            <line number="178" hits="0" branch="False" />
            <line number="179" hits="0" branch="False" />
            <line number="181" hits="34" branch="False" />
          </lines>
        </class>
        <class name="CnabApi.Services.CnabUploadService" filename="Services\CnabUploadService.cs" line-rate="1" branch-rate="1" complexity="1">
          <methods>
            <method name=".ctor" signature="(CnabApi.Services.Interfaces.IHashService,CnabApi.Services.LineProcessing.ILineProcessor,CnabApi.Services.LineProcessing.ICheckpointManager,Microsoft.Extensions.DependencyInjection.IServiceScopeFactory,Microsoft.Extensions.Options.IOptions`1&lt;CnabApi.Models.UploadProcessingOptions&gt;,Microsoft.Extensions.Logging.ILogger`1&lt;CnabApi.Services.CnabUploadService&gt;)" line-rate="1" branch-rate="1" complexity="1">
              <lines>
                <line number="16" hits="5" branch="False" />
                <line number="17" hits="5" branch="False" />
                <line number="18" hits="5" branch="False" />
                <line number="19" hits="5" branch="False" />
                <line number="20" hits="5" branch="False" />
                <line number="21" hits="5" branch="False" />
                <line number="22" hits="5" branch="False" />
                <line number="24" hits="5" branch="False" />
              </lines>
            </method>
          </methods>
          <lines>
            <line number="16" hits="5" branch="False" />
            <line number="17" hits="5" branch="False" />
            <line number="18" hits="5" branch="False" />
            <line number="19" hits="5" branch="False" />
            <line number="20" hits="5" branch="False" />
            <line number="21" hits="5" branch="False" />
            <line number="22" hits="5" branch="False" />
            <line number="24" hits="5" branch="False" />
          </lines>
        </class>
        <class name="CnabApi.Services.CnabUploadService/AtomicInt" filename="Services\CnabUploadService.cs" line-rate="0.5" branch-rate="1" complexity="3">
          <methods>
            <method name="get_Value" signature="()" line-rate="0" branch-rate="1" complexity="1">
              <lines>
                <line number="374" hits="0" branch="False" />
              </lines>
            </method>
            <method name="CompareAndSwap" signature="(System.Int32,System.Int32)" line-rate="0" branch-rate="1" complexity="1">
              <lines>
                <line number="377" hits="0" branch="False" />
                <line number="378" hits="0" branch="False" />
                <line number="379" hits="0" branch="False" />
              </lines>
            </method>
            <method name=".ctor" signature="(System.Int32)" line-rate="1" branch-rate="1" complexity="1">
              <lines>
                <line number="369" hits="4" branch="False" />
                <line number="370" hits="4" branch="False" />
                <line number="371" hits="4" branch="False" />
                <line number="372" hits="4" branch="False" />
              </lines>
            </method>
          </methods>
          <lines>
            <line number="374" hits="0" branch="False" />
            <line number="377" hits="0" branch="False" />
            <line number="378" hits="0" branch="False" />
            <line number="379" hits="0" branch="False" />
            <line number="369" hits="4" branch="False" />
            <line number="370" hits="4" branch="False" />
            <line number="371" hits="4" branch="False" />
            <line number="372" hits="4" branch="False" />
          </lines>
        </class>
        <class name="CnabApi.Services.CnabUploadService/&lt;&gt;c" filename="Services\CnabUploadService.cs" line-rate="1" branch-rate="1" complexity="2">
          <methods>
            <method name="&lt;ProcessCnabUploadAsync&gt;b__7_0" signature="(System.String)" line-rate="1" branch-rate="1" complexity="1">
              <lines>
                <line number="46" hits="10" branch="False" />
              </lines>
            </method>
            <method name="&lt;ProcessCnabUploadAsync&gt;b__7_1" signature="(System.String,System.Int32)" line-rate="1" branch-rate="1" complexity="1">
              <lines>
                <line number="74" hits="6" branch="False" />
              </lines>
            </method>
          </methods>
          <lines>
            <line number="46" hits="10" branch="False" />
            <line number="74" hits="6" branch="False" />
          </lines>
        </class>
        <class name="CnabApi.Services.CnabUploadService/&lt;&gt;c__DisplayClass7_2/&lt;&lt;ProcessCnabUploadAsync&gt;b__2&gt;d" filename="Services\CnabUploadService.cs" line-rate="0.5243" branch-rate="0.5" complexity="10">
          <methods>
            <method name="MoveNext" signature="()" line-rate="0.5243" branch-rate="0.5" complexity="10">
              <lines>
                <line number="98" hits="4" branch="False" />
                <line number="100" hits="4" branch="False" />
                <line number="101" hits="4" branch="False" />
                <line number="102" hits="4" branch="False" />
                <line number="103" hits="4" branch="False" />
                <line number="104" hits="4" branch="False" />
                <line number="105" hits="4" branch="False" />
                <line number="108" hits="4" branch="False" />
                <line number="111" hits="4" branch="False" />
                <line number="112" hits="4" branch="False" />
                <line number="113" hits="4" branch="False" />
                <line number="114" hits="4" branch="False" />
                <line number="115" hits="4" branch="False" />
                <line number="116" hits="4" branch="False" />
                <line number="117" hits="4" branch="False" />
                <line number="118" hits="4" branch="False" />
                <line number="119" hits="4" branch="False" />
                <line number="120" hits="4" branch="False" />
                <line number="121" hits="4" branch="False" />
                <line number="122" hits="4" branch="False" />
                <line number="123" hits="4" branch="False" />
                <line number="124" hits="4" branch="False" />
                <line number="126" hits="4" branch="True" condition-coverage="100% (4/4)">
                  <conditions>
                    <condition number="542" type="switch" coverage="100%" />
                  </conditions>
                </line>
                <line number="129" hits="2" branch="False" />
                <line number="131" hits="2" branch="False" />
                <line number="132" hits="2" branch="False" />
                <line number="134" hits="1" branch="False" />
                <line number="135" hits="1" branch="False" />
                <line number="136" hits="1" branch="False" />
                <line number="138" hits="1" branch="False" />
                <line number="139" hits="1" branch="False" />
                <line number="140" hits="1" branch="False" />
                <line number="141" hits="1" branch="False" />
                <line number="145" hits="4" branch="False" />
                <line number="148" hits="4" branch="False" />
                <line number="149" hits="4" branch="False" />
                <line number="150" hits="4" branch="False" />
                <line number="152" hits="4" branch="True" condition-coverage="50% (1/2)">
                  <conditions>
                    <condition number="882" type="jump" coverage="50%" />
                  </conditions>
                </line>
                <line number="153" hits="0" branch="False" />
                <line number="154" hits="0" branch="False" />
                <line number="155" hits="0" branch="False" />
                <line number="158" hits="0" branch="True" condition-coverage="0% (0/4)">
                  <conditions>
                    <condition number="1018" type="jump" coverage="0%" />
                    <condition number="1065" type="jump" coverage="0%" />
                  </conditions>
                </line>
                <line number="159" hits="0" branch="False" />
                <line number="160" hits="0" branch="False" />
                <line number="163" hits="0" branch="False" />
                <line number="164" hits="0" branch="False" />
                <line number="165" hits="0" branch="False" />
                <line number="166" hits="0" branch="False" />
                <line number="167" hits="0" branch="False" />
                <line number="168" hits="0" branch="False" />
                <line number="169" hits="0" branch="False" />
                <line number="170" hits="0" branch="False" />
                <line number="171" hits="0" branch="False" />
                <line number="172" hits="0" branch="False" />
                <line number="173" hits="0" branch="False" />
                <line number="174" hits="0" branch="False" />
                <line number="175" hits="0" branch="False" />
                <line number="176" hits="0" branch="False" />
                <line number="177" hits="0" branch="False" />
                <line number="178" hits="0" branch="False" />
                <line number="179" hits="0" branch="False" />
                <line number="180" hits="0" branch="False" />
                <line number="181" hits="0" branch="False" />
                <line number="182" hits="0" branch="False" />
                <line number="183" hits="0" branch="False" />
                <line number="184" hits="0" branch="False" />
                <line number="185" hits="0" branch="False" />
                <line number="186" hits="0" branch="False" />
                <line number="187" hits="0" branch="False" />
                <line number="188" hits="0" branch="False" />
                <line number="189" hits="0" branch="False" />
                <line number="190" hits="0" branch="False" />
                <line number="191" hits="0" branch="False" />
                <line number="192" hits="0" branch="False" />
                <line number="193" hits="0" branch="False" />
                <line number="194" hits="0" branch="False" />
                <line number="195" hits="0" branch="False" />
                <line number="196" hits="4" branch="False" />
                <line number="198" hits="4" branch="False" />
                <line number="199" hits="4" branch="False" />
                <line number="200" hits="4" branch="False" />
                <line number="201" hits="8" branch="False" />
              </lines>
            </method>
          </methods>
          <lines>
            <line number="98" hits="4" branch="False" />
            <line number="100" hits="4" branch="False" />
            <line number="101" hits="4" branch="False" />
            <line number="102" hits="4" branch="False" />
            <line number="103" hits="4" branch="False" />
            <line number="104" hits="4" branch="False" />
            <line number="105" hits="4" branch="False" />
            <line number="108" hits="4" branch="False" />
            <line number="111" hits="4" branch="False" />
            <line number="112" hits="4" branch="False" />
            <line number="113" hits="4" branch="False" />
            <line number="114" hits="4" branch="False" />
            <line number="115" hits="4" branch="False" />
            <line number="116" hits="4" branch="False" />
            <line number="117" hits="4" branch="False" />
            <line number="118" hits="4" branch="False" />
            <line number="119" hits="4" branch="False" />
            <line number="120" hits="4" branch="False" />
            <line number="121" hits="4" branch="False" />
            <line number="122" hits="4" branch="False" />
            <line number="123" hits="4" branch="False" />
            <line number="124" hits="4" branch="False" />
            <line number="126" hits="4" branch="True" condition-coverage="100% (4/4)">
              <conditions>
                <condition number="542" type="switch" coverage="100%" />
              </conditions>
            </line>
            <line number="129" hits="2" branch="False" />
            <line number="131" hits="2" branch="False" />
            <line number="132" hits="2" branch="False" />
            <line number="134" hits="1" branch="False" />
            <line number="135" hits="1" branch="False" />
            <line number="136" hits="1" branch="False" />
            <line number="138" hits="1" branch="False" />
            <line number="139" hits="1" branch="False" />
            <line number="140" hits="1" branch="False" />
            <line number="141" hits="1" branch="False" />
            <line number="145" hits="4" branch="False" />
            <line number="148" hits="4" branch="False" />
            <line number="149" hits="4" branch="False" />
            <line number="150" hits="4" branch="False" />
            <line number="152" hits="4" branch="True" condition-coverage="50% (1/2)">
              <conditions>
                <condition number="882" type="jump" coverage="50%" />
              </conditions>
            </line>
            <line number="153" hits="0" branch="False" />
            <line number="154" hits="0" branch="False" />
            <line number="155" hits="0" branch="False" />
            <line number="158" hits="0" branch="True" condition-coverage="0% (0/4)">
              <conditions>
                <condition number="1018" type="jump" coverage="0%" />
                <condition number="1065" type="jump" coverage="0%" />
              </conditions>
            </line>
            <line number="159" hits="0" branch="False" />
            <line number="160" hits="0" branch="False" />
            <line number="163" hits="0" branch="False" />
            <line number="164" hits="0" branch="False" />
            <line number="165" hits="0" branch="False" />
            <line number="166" hits="0" branch="False" />
            <line number="167" hits="0" branch="False" />
            <line number="168" hits="0" branch="False" />
            <line number="169" hits="0" branch="False" />
            <line number="170" hits="0" branch="False" />
            <line number="171" hits="0" branch="False" />
            <line number="172" hits="0" branch="False" />
            <line number="173" hits="0" branch="False" />
            <line number="174" hits="0" branch="False" />
            <line number="175" hits="0" branch="False" />
            <line number="176" hits="0" branch="False" />
            <line number="177" hits="0" branch="False" />
            <line number="178" hits="0" branch="False" />
            <line number="179" hits="0" branch="False" />
            <line number="180" hits="0" branch="False" />
            <line number="181" hits="0" branch="False" />
            <line number="182" hits="0" branch="False" />
            <line number="183" hits="0" branch="False" />
            <line number="184" hits="0" branch="False" />
            <line number="185" hits="0" branch="False" />
            <line number="186" hits="0" branch="False" />
            <line number="187" hits="0" branch="False" />
            <line number="188" hits="0" branch="False" />
            <line number="189" hits="0" branch="False" />
            <line number="190" hits="0" branch="False" />
            <line number="191" hits="0" branch="False" />
            <line number="192" hits="0" branch="False" />
            <line number="193" hits="0" branch="False" />
            <line number="194" hits="0" branch="False" />
            <line number="195" hits="0" branch="False" />
            <line number="196" hits="4" branch="False" />
            <line number="198" hits="4" branch="False" />
            <line number="199" hits="4" branch="False" />
            <line number="200" hits="4" branch="False" />
            <line number="201" hits="8" branch="False" />
          </lines>
        </class>
        <class name="CnabApi.Services.CnabUploadService/&lt;ProcessCnabUploadAsync&gt;d__7" filename="Services\CnabUploadService.cs" line-rate="0.858" branch-rate="0.8" complexity="30">
          <methods>
            <method name="MoveNext" signature="()" line-rate="0.858" branch-rate="0.8" complexity="30">
              <lines>
                <line number="36" hits="5" branch="True" condition-coverage="100% (2/2)">
                  <conditions>
                    <condition number="105" type="jump" coverage="100%" />
                  </conditions>
                </line>
                <line number="38" hits="5" branch="False" />
                <line number="39" hits="5" branch="True" condition-coverage="100% (2/2)">
                  <conditions>
                    <condition number="161" type="jump" coverage="100%" />
                  </conditions>
                </line>
                <line number="40" hits="1" branch="False" />
                <line number="41" hits="1" branch="False" />
                <line number="42" hits="1" branch="False" />
                <line number="45" hits="4" branch="False" />
                <line number="47" hits="4" branch="False" />
                <line number="49" hits="4" branch="False" />
                <line number="52" hits="4" branch="False" />
                <line number="53" hits="4" branch="False" />
                <line number="54" hits="4" branch="False" />
                <line number="55" hits="4" branch="False" />
                <line number="56" hits="4" branch="False" />
                <line number="58" hits="4" branch="False" />
                <line number="59" hits="4" branch="False" />
                <line number="60" hits="4" branch="False" />
                <line number="63" hits="4" branch="False" />
                <line number="66" hits="4" branch="False" />
                <line number="67" hits="4" branch="False" />
                <line number="68" hits="4" branch="False" />
                <line number="69" hits="4" branch="False" />
                <line number="73" hits="4" branch="False" />
                <line number="75" hits="4" branch="False" />
                <line number="76" hits="4" branch="False" />
                <line number="78" hits="4" branch="True" condition-coverage="50% (1/2)">
                  <conditions>
                    <condition number="848" type="jump" coverage="50%" />
                  </conditions>
                </line>
                <line number="79" hits="0" branch="False" />
                <line number="80" hits="0" branch="False" />
                <line number="81" hits="0" branch="False" />
                <line number="85" hits="4" branch="False" />
                <line number="88" hits="4" branch="False" />
                <line number="89" hits="4" branch="False" />
                <line number="91" hits="20" branch="True" condition-coverage="100% (2/2)">
                  <conditions>
                    <condition number="1420" type="jump" coverage="100%" />
                  </conditions>
                </line>
                <line number="92" hits="4" branch="False" />
                <line number="93" hits="4" branch="False" />
                <line number="95" hits="4" branch="False" />
                <line number="97" hits="4" branch="False" />
                <line number="99" hits="4" branch="False" />
                <line number="106" hits="4" branch="False" />
                <line number="107" hits="4" branch="False" />
                <line number="109" hits="4" branch="False" />
                <line number="110" hits="4" branch="False" />
                <line number="125" hits="4" branch="False" />
                <line number="127" hits="4" branch="False" />
                <line number="128" hits="4" branch="False" />
                <line number="130" hits="4" branch="False" />
                <line number="133" hits="4" branch="False" />
                <line number="137" hits="4" branch="False" />
                <line number="142" hits="4" branch="False" />
                <line number="143" hits="4" branch="False" />
                <line number="144" hits="4" branch="False" />
                <line number="146" hits="4" branch="False" />
                <line number="147" hits="4" branch="False" />
                <line number="151" hits="4" branch="False" />
                <line number="156" hits="4" branch="False" />
                <line number="157" hits="4" branch="False" />
                <line number="161" hits="4" branch="False" />
                <line number="162" hits="4" branch="False" />
                <line number="197" hits="4" branch="False" />
                <line number="203" hits="4" branch="False" />
                <line number="204" hits="4" branch="False" />
                <line number="207" hits="4" branch="False" />
                <line number="211" hits="4" branch="False" />
                <line number="214" hits="4" branch="False" />
                <line number="215" hits="4" branch="False" />
                <line number="216" hits="4" branch="False" />
                <line number="220" hits="4" branch="False" />
                <line number="222" hits="4" branch="True" condition-coverage="50% (1/2)">
                  <conditions>
                    <condition number="1911" type="jump" coverage="50%" />
                  </conditions>
                </line>
                <line number="223" hits="0" branch="False" />
                <line number="224" hits="0" branch="False" />
                <line number="225" hits="0" branch="False" />
                <line number="235" hits="4" branch="True" condition-coverage="50% (1/2)">
                  <conditions>
                    <condition number="2000" type="jump" coverage="50%" />
                  </conditions>
                </line>
                <line number="236" hits="4" branch="False" />
                <line number="237" hits="4" branch="False" />
                <line number="240" hits="4" branch="False" />
                <line number="245" hits="4" branch="True" condition-coverage="100% (6/6)">
                  <conditions>
                    <condition number="2071" type="jump" coverage="100%" />
                    <condition number="2085" type="jump" coverage="100%" />
                    <condition number="2099" type="jump" coverage="100%" />
                  </conditions>
                </line>
                <line number="251" hits="4" branch="True" condition-coverage="50% (1/2)">
                  <conditions>
                    <condition number="2133" type="jump" coverage="50%" />
                  </conditions>
                </line>
                <line number="252" hits="4" branch="False" />
                <line number="254" hits="4" branch="False" />
                <line number="255" hits="4" branch="False" />
                <line number="256" hits="4" branch="False" />
                <line number="258" hits="4" branch="False" />
                <line number="259" hits="4" branch="False" />
                <line number="260" hits="4" branch="False" />
                <line number="262" hits="4" branch="False" />
                <line number="263" hits="4" branch="False" />
                <line number="264" hits="4" branch="False" />
                <line number="265" hits="4" branch="False" />
                <line number="267" hits="0" branch="False" />
                <line number="269" hits="0" branch="False" />
                <line number="270" hits="0" branch="False" />
                <line number="271" hits="0" branch="False" />
                <line number="273" hits="0" branch="False" />
                <line number="274" hits="0" branch="False" />
                <line number="275" hits="0" branch="False" />
                <line number="276" hits="0" branch="False" />
                <line number="278" hits="4" branch="False" />
                <line number="281" hits="4" branch="False" />
                <line number="283" hits="4" branch="False" />
                <line number="284" hits="4" branch="False" />
                <line number="285" hits="4" branch="False" />
                <line number="288" hits="4" branch="True" condition-coverage="50% (1/2)">
                  <conditions>
                    <condition number="2813" type="jump" coverage="50%" />
                  </conditions>
                </line>
                <line number="289" hits="4" branch="True" condition-coverage="50% (1/2)">
                  <conditions>
                    <condition number="2847" type="jump" coverage="50%" />
                  </conditions>
                </line>
                <line number="290" hits="4" branch="False" />
                <line number="291" hits="4" branch="False" />
                <line number="294" hits="4" branch="True" condition-coverage="100% (2/2)">
                  <conditions>
                    <condition number="2901" type="jump" coverage="100%" />
                  </conditions>
                </line>
                <line number="295" hits="4" branch="False" />
                <line number="296" hits="4" branch="False" />
                <line number="297" hits="4" branch="False" />
                <line number="298" hits="4" branch="False" />
                <line number="299" hits="4" branch="False" />
                <line number="300" hits="4" branch="False" />
                <line number="301" hits="4" branch="False" />
                <line number="302" hits="4" branch="False" />
                <line number="303" hits="4" branch="False" />
                <line number="304" hits="4" branch="False" />
                <line number="305" hits="4" branch="False" />
                <line number="309" hits="4" branch="False" />
                <line number="310" hits="4" branch="False" />
                <line number="311" hits="4" branch="False" />
                <line number="312" hits="4" branch="False" />
                <line number="313" hits="4" branch="False" />
                <line number="314" hits="4" branch="False" />
                <line number="316" hits="4" branch="False" />
                <line number="317" hits="4" branch="False" />
                <line number="318" hits="4" branch="False" />
                <line number="319" hits="4" branch="False" />
                <line number="321" hits="4" branch="False" />
                <line number="322" hits="4" branch="False" />
                <line number="323" hits="4" branch="False" />
                <line number="327" hits="4" branch="True" condition-coverage="100% (4/4)">
                  <conditions>
                    <condition number="3509" type="jump" coverage="100%" />
                    <condition number="3532" type="jump" coverage="100%" />
                  </conditions>
                </line>
                <line number="328" hits="1" branch="False" />
                <line number="329" hits="1" branch="False" />
                <line number="330" hits="1" branch="False" />
                <line number="331" hits="1" branch="False" />
                <line number="334" hits="1" branch="False" />
                <line number="335" hits="1" branch="False" />
                <line number="336" hits="1" branch="False" />
                <line number="337" hits="1" branch="False" />
                <line number="338" hits="1" branch="False" />
                <line number="339" hits="1" branch="False" />
                <line number="340" hits="1" branch="False" />
                <line number="341" hits="1" branch="False" />
                <line number="342" hits="1" branch="False" />
                <line number="344" hits="1" branch="False" />
                <line number="347" hits="3" branch="False" />
                <line number="349" hits="0" branch="False" />
                <line number="350" hits="0" branch="False" />
                <line number="351" hits="0" branch="False" />
                <line number="352" hits="0" branch="False" />
                <line number="354" hits="0" branch="False" />
                <line number="355" hits="0" branch="False" />
                <line number="356" hits="0" branch="False" />
                <line number="357" hits="0" branch="False" />
                <line number="359" hits="5" branch="False" />
              </lines>
            </method>
          </methods>
          <lines>
            <line number="36" hits="5" branch="True" condition-coverage="100% (2/2)">
              <conditions>
                <condition number="105" type="jump" coverage="100%" />
              </conditions>
            </line>
            <line number="38" hits="5" branch="False" />
            <line number="39" hits="5" branch="True" condition-coverage="100% (2/2)">
              <conditions>
                <condition number="161" type="jump" coverage="100%" />
              </conditions>
            </line>
            <line number="40" hits="1" branch="False" />
            <line number="41" hits="1" branch="False" />
            <line number="42" hits="1" branch="False" />
            <line number="45" hits="4" branch="False" />
            <line number="47" hits="4" branch="False" />
            <line number="49" hits="4" branch="False" />
            <line number="52" hits="4" branch="False" />
            <line number="53" hits="4" branch="False" />
            <line number="54" hits="4" branch="False" />
            <line number="55" hits="4" branch="False" />
            <line number="56" hits="4" branch="False" />
            <line number="58" hits="4" branch="False" />
            <line number="59" hits="4" branch="False" />
            <line number="60" hits="4" branch="False" />
            <line number="63" hits="4" branch="False" />
            <line number="66" hits="4" branch="False" />
            <line number="67" hits="4" branch="False" />
            <line number="68" hits="4" branch="False" />
            <line number="69" hits="4" branch="False" />
            <line number="73" hits="4" branch="False" />
            <line number="75" hits="4" branch="False" />
            <line number="76" hits="4" branch="False" />
            <line number="78" hits="4" branch="True" condition-coverage="50% (1/2)">
              <conditions>
                <condition number="848" type="jump" coverage="50%" />
              </conditions>
            </line>
            <line number="79" hits="0" branch="False" />
            <line number="80" hits="0" branch="False" />
            <line number="81" hits="0" branch="False" />
            <line number="85" hits="4" branch="False" />
            <line number="88" hits="4" branch="False" />
            <line number="89" hits="4" branch="False" />
            <line number="91" hits="20" branch="True" condition-coverage="100% (2/2)">
              <conditions>
                <condition number="1420" type="jump" coverage="100%" />
[...]
                  </conditions>
                </line>
                <line number="241" hits="3" branch="False" />
                <line number="243" hits="3" branch="True" condition-coverage="75% (3/4)">
                  <conditions>
                    <condition number="190" type="jump" coverage="50%" />
                    <condition number="210" type="jump" coverage="100%" />
                  </conditions>
                </line>
                <line number="244" hits="1" branch="False" />
                <line number="245" hits="1" branch="False" />
                <line number="248" hits="2" branch="True" condition-coverage="50% (1/2)">
                  <conditions>
                    <condition number="261" type="jump" coverage="50%" />
                  </conditions>
                </line>
                <line number="251" hits="1" branch="False" />
                <line number="252" hits="4" branch="False" />
              </lines>
            </method>
          </methods>
          <lines>
            <line number="237" hits="4" branch="False" />
            <line number="238" hits="4" branch="False" />
            <line number="240" hits="4" branch="True" condition-coverage="100% (2/2)">
              <conditions>
                <condition number="175" type="jump" coverage="100%" />
              </conditions>
            </line>
            <line number="241" hits="3" branch="False" />
            <line number="243" hits="3" branch="True" condition-coverage="75% (3/4)">
              <conditions>
                <condition number="190" type="jump" coverage="50%" />
                <condition number="210" type="jump" coverage="100%" />
              </conditions>
            </line>
            <line number="244" hits="1" branch="False" />
            <line number="245" hits="1" branch="False" />
            <line number="248" hits="2" branch="True" condition-coverage="50% (1/2)">
              <conditions>
                <condition number="261" type="jump" coverage="50%" />
              </conditions>
            </line>
            <line number="251" hits="1" branch="False" />
            <line number="252" hits="4" branch="False" />
          </lines>
        </class>
        <class name="CnabApi.Controllers.TransactionsController/&lt;UploadCnabFile&gt;d__4" filename="Controllers\TransactionsController.cs" line-rate="0.9428" branch-rate="0.7666" complexity="30">
          <methods>
            <method name="MoveNext" signature="()" line-rate="0.9428" branch-rate="0.7666" complexity="30">
              <lines>
                <line number="80" hits="8" branch="False" />
                <line number="81" hits="8" branch="False" />
                <line number="83" hits="8" branch="True" condition-coverage="84.61% (22/26)">
                  <conditions>
                    <condition number="175" type="jump" coverage="100%" />
                    <condition number="220" type="jump" coverage="100%" />
                    <condition number="257" type="jump" coverage="100%" />
                    <condition number="266" type="jump" coverage="100%" />
                    <condition number="275" type="jump" coverage="100%" />
                    <condition number="303" type="jump" coverage="50%" />
                    <condition number="334" type="jump" coverage="100%" />
                    <condition number="343" type="jump" coverage="100%" />
                    <condition number="374" type="jump" coverage="50%" />
                    <condition number="286" type="jump" coverage="100%" />
                    <condition number="357" type="jump" coverage="100%" />
                    <condition number="388" type="jump" coverage="50%" />
                    <condition number="317" type="jump" coverage="50%" />
                  </conditions>
                </line>
                <line number="84" hits="8" branch="False" />
                <line number="85" hits="8" branch="False" />
                <line number="86" hits="2" branch="False" />
                <line number="87" hits="2" branch="False" />
                <line number="88" hits="2" branch="False" />
                <line number="89" hits="2" branch="False" />
                <line number="90" hits="2" branch="False" />
                <line number="91" hits="8" branch="False" />
                <line number="92" hits="1" branch="False" />
                <line number="93" hits="1" branch="False" />
                <line number="94" hits="1" branch="False" />
                <line number="95" hits="1" branch="False" />
                <line number="96" hits="1" branch="False" />
                <line number="97" hits="8" branch="False" />
                <line number="98" hits="8" branch="False" />
                <line number="99" hits="1" branch="False" />
                <line number="100" hits="1" branch="False" />
                <line number="101" hits="1" branch="False" />
                <line number="102" hits="1" branch="False" />
                <line number="103" hits="0" branch="True" condition-coverage="0% (0/2)">
                  <conditions>
                    <condition number="676" type="jump" coverage="0%" />
                  </conditions>
                </line>
                <line number="104" hits="0" branch="False" />
                <line number="105" hits="8" branch="False" />
                <line number="106" hits="8" branch="False" />
                <line number="107" hits="1" branch="True" condition-coverage="50% (1/2)">
                  <conditions>
                    <condition number="741" type="jump" coverage="50%" />
                  </conditions>
                </line>
                <line number="108" hits="1" branch="False" />
                <line number="109" hits="1" branch="False" />
                <line number="110" hits="1" branch="False" />
                <line number="111" hits="1" branch="False" />
                <line number="112" hits="1" branch="False" />
                <line number="113" hits="1" branch="False" />
                <line number="114" hits="8" branch="False" />
                <line number="115" hits="8" branch="False" />
              </lines>
            </method>
          </methods>
          <lines>
            <line number="80" hits="8" branch="False" />
            <line number="81" hits="8" branch="False" />
            <line number="83" hits="8" branch="True" condition-coverage="84.61% (22/26)">
              <conditions>
                <condition number="175" type="jump" coverage="100%" />
                <condition number="220" type="jump" coverage="100%" />
                <condition number="257" type="jump" coverage="100%" />
                <condition number="266" type="jump" coverage="100%" />
                <condition number="275" type="jump" coverage="100%" />
                <condition number="303" type="jump" coverage="50%" />
                <condition number="334" type="jump" coverage="100%" />
                <condition number="343" type="jump" coverage="100%" />
                <condition number="374" type="jump" coverage="50%" />
                <condition number="286" type="jump" coverage="100%" />
                <condition number="357" type="jump" coverage="100%" />
                <condition number="388" type="jump" coverage="50%" />
                <condition number="317" type="jump" coverage="50%" />
              </conditions>
            </line>
            <line number="84" hits="8" branch="False" />
            <line number="85" hits="8" branch="False" />
            <line number="86" hits="2" branch="False" />
            <line number="87" hits="2" branch="False" />
            <line number="88" hits="2" branch="False" />
            <line number="89" hits="2" branch="False" />
            <line number="90" hits="2" branch="False" />
            <line number="91" hits="8" branch="False" />
            <line number="92" hits="1" branch="False" />
            <line number="93" hits="1" branch="False" />
            <line number="94" hits="1" branch="False" />
            <line number="95" hits="1" branch="False" />
            <line number="96" hits="1" branch="False" />
            <line number="97" hits="8" branch="False" />
            <line number="98" hits="8" branch="False" />
            <line number="99" hits="1" branch="False" />
            <line number="100" hits="1" branch="False" />
            <line number="101" hits="1" branch="False" />
            <line number="102" hits="1" branch="False" />
            <line number="103" hits="0" branch="True" condition-coverage="0% (0/2)">
              <conditions>
                <condition number="676" type="jump" coverage="0%" />
              </conditions>
            </line>
            <line number="104" hits="0" branch="False" />
            <line number="105" hits="8" branch="False" />
            <line number="106" hits="8" branch="False" />
            <line number="107" hits="1" branch="True" condition-coverage="50% (1/2)">
              <conditions>
                <condition number="741" type="jump" coverage="50%" />
              </conditions>
            </line>
            <line number="108" hits="1" branch="False" />
            <line number="109" hits="1" branch="False" />
            <line number="110" hits="1" branch="False" />
            <line number="111" hits="1" branch="False" />
            <line number="112" hits="1" branch="False" />
            <line number="113" hits="1" branch="False" />
            <line number="114" hits="8" branch="False" />
            <line number="115" hits="8" branch="False" />
          </lines>
        </class>
        <class name="CnabApi.Common.Result" filename="Common\Result.cs" line-rate="0.6111" branch-rate="0.5" complexity="11">
          <methods>
            <method name="get_IsSuccess" signature="()" line-rate="1" branch-rate="1" complexity="1">
              <lines>
                <line number="8" hits="18" branch="False" />
              </lines>
            </method>
            <method name="get_ErrorMessage" signature="()" line-rate="1" branch-rate="1" complexity="1">
              <lines>
                <line number="9" hits="13" branch="False" />
              </lines>
            </method>
            <method name="get_Errors" signature="()" line-rate="1" branch-rate="1" complexity="1">
              <lines>
                <line number="10" hits="18" branch="False" />
              </lines>
            </method>
            <method name="Success" signature="()" line-rate="1" branch-rate="1" complexity="1">
              <lines>
                <line number="24" hits="6" branch="False" />
              </lines>
            </method>
            <method name="Failure" signature="(System.String)" line-rate="1" branch-rate="1" complexity="1">
              <lines>
                <line number="30" hits="3" branch="False" />
              </lines>
            </method>
            <method name="Failure" signature="(System.Collections.Generic.List`1&lt;System.String&gt;)" line-rate="0" branch-rate="1" complexity="1">
              <lines>
                <line number="36" hits="0" branch="False" />
              </lines>
            </method>
            <method name="Failure" signature="(System.Exception)" line-rate="0" branch-rate="1" complexity="1">
              <lines>
                <line number="42" hits="0" branch="False" />
              </lines>
            </method>
            <method name="GetErrorsAsString" signature="()" line-rate="0" branch-rate="0" complexity="2">
              <lines>
                <line number="48" hits="0" branch="False" />
                <line number="49" hits="0" branch="True" condition-coverage="0% (0/2)">
                  <conditions>
                    <condition number="17" type="jump" coverage="0%" />
                  </conditions>
                </line>
                <line number="50" hits="0" branch="False" />
                <line number="52" hits="0" branch="False" />
                <line number="53" hits="0" branch="False" />
              </lines>
            </method>
            <method name=".ctor" signature="(System.Boolean,System.String,System.Collections.Generic.List`1&lt;System.String&gt;)" line-rate="1" branch-rate="1" complexity="2">
              <lines>
                <line number="13" hits="9" branch="False" />
                <line number="14" hits="9" branch="False" />
                <line number="15" hits="9" branch="False" />
                <line number="16" hits="9" branch="False" />
                <line number="17" hits="9" branch="True" condition-coverage="100% (2/2)">
                  <conditions>
                    <condition number="38" type="jump" coverage="100%" />
                  </conditions>
                </line>
                <line number="18" hits="9" branch="False" />
              </lines>
            </method>
          </methods>
          <lines>
            <line number="8" hits="18" branch="False" />
            <line number="9" hits="13" branch="False" />
            <line number="10" hits="18" branch="False" />
            <line number="24" hits="6" branch="False" />
            <line number="30" hits="3" branch="False" />
            <line number="36" hits="0" branch="False" />
            <line number="42" hits="0" branch="False" />
            <line number="48" hits="0" branch="False" />
            <line number="49" hits="0" branch="True" condition-coverage="0% (0/2)">
              <conditions>
                <condition number="17" type="jump" coverage="0%" />
              </conditions>
            </line>
            <line number="50" hits="0" branch="False" />
            <line number="52" hits="0" branch="False" />
            <line number="53" hits="0" branch="False" />
            <line number="13" hits="9" branch="False" />
            <line number="14" hits="9" branch="False" />
            <line number="15" hits="9" branch="False" />
            <line number="16" hits="9" branch="False" />
            <line number="17" hits="9" branch="True" condition-coverage="100% (2/2)">
              <conditions>
                <condition number="38" type="jump" coverage="100%" />
              </conditions>
            </line>
            <line number="18" hits="9" branch="False" />
          </lines>
        </class>
        <class name="CnabApi.Common.Result`1" filename="Common\ResultGeneric.cs" line-rate="0.6666" branch-rate="0.5" complexity="13">
          <methods>
            <method name="get_IsSuccess" signature="()" line-rate="1" branch-rate="1" complexity="1">
              <lines>
                <line number="8" hits="358" branch="False" />
              </lines>
            </method>
            <method name="get_Data" signature="()" line-rate="1" branch-rate="1" complexity="1">
              <lines>
                <line number="9" hits="374" branch="False" />
              </lines>
            </method>
            <method name="get_ErrorMessage" signature="()" line-rate="1" branch-rate="1" complexity="1">
              <lines>
                <line number="10" hits="287" branch="False" />
              </lines>
            </method>
            <method name="get_Errors" signature="()" line-rate="1" branch-rate="1" complexity="1">
              <lines>
                <line number="11" hits="368" branch="False" />
              </lines>
            </method>
            <method name="Success" signature="(T)" line-rate="1" branch-rate="1" complexity="1">
              <lines>
                <line number="26" hits="87" branch="False" />
              </lines>
            </method>
            <method name="Failure" signature="(System.String)" line-rate="1" branch-rate="1" complexity="1">
              <lines>
                <line number="32" hits="80" branch="False" />
              </lines>
            </method>
            <method name="Failure" signature="(System.String,T)" line-rate="1" branch-rate="1" complexity="1">
              <lines>
                <line number="38" hits="17" branch="False" />
              </lines>
            </method>
            <method name="Failure" signature="(System.Collections.Generic.List`1&lt;System.String&gt;)" line-rate="0" branch-rate="1" complexity="1">
              <lines>
                <line number="44" hits="0" branch="False" />
              </lines>
            </method>
            <method name="Failure" signature="(System.Exception)" line-rate="0" branch-rate="1" complexity="1">
              <lines>
                <line number="50" hits="0" branch="False" />
              </lines>
            </method>
            <method name="GetErrorsAsString" signature="()" line-rate="0" branch-rate="0" complexity="2">
              <lines>
                <line number="56" hits="0" branch="False" />
                <line number="57" hits="0" branch="True" condition-coverage="0% (0/2)">
                  <conditions>
                    <condition number="17" type="jump" coverage="0%" />
                  </conditions>
                </line>
                <line number="58" hits="0" branch="False" />
                <line number="60" hits="0" branch="False" />
                <line number="61" hits="0" branch="False" />
              </lines>
            </method>
            <method name=".ctor" signature="(System.Boolean,T,System.String,System.Collections.Generic.List`1&lt;System.String&gt;)" line-rate="1" branch-rate="1" complexity="2">
              <lines>
                <line number="14" hits="184" branch="False" />
                <line number="15" hits="184" branch="False" />
                <line number="16" hits="184" branch="False" />
                <line number="17" hits="184" branch="False" />
                <line number="18" hits="184" branch="False" />
                <line number="19" hits="184" branch="True" condition-coverage="100% (2/2)">
                  <conditions>
                    <condition number="47" type="jump" coverage="100%" />
                  </conditions>
                </line>
                <line number="20" hits="184" branch="False" />
              </lines>
            </method>
          </methods>
          <lines>
            <line number="8" hits="358" branch="False" />
            <line number="9" hits="374" branch="False" />
            <line number="10" hits="287" branch="False" />
            <line number="11" hits="368" branch="False" />
            <line number="26" hits="87" branch="False" />
            <line number="32" hits="80" branch="False" />
            <line number="38" hits="17" branch="False" />
            <line number="44" hits="0" branch="False" />
            <line number="50" hits="0" branch="False" />
            <line number="56" hits="0" branch="False" />
            <line number="57" hits="0" branch="True" condition-coverage="0% (0/2)">
              <conditions>
                <condition number="17" type="jump" coverage="0%" />
              </conditions>
            </line>
            <line number="58" hits="0" branch="False" />
            <line number="60" hits="0" branch="False" />
            <line number="61" hits="0" branch="False" />
            <line number="14" hits="184" branch="False" />
            <line number="15" hits="184" branch="False" />
            <line number="16" hits="184" branch="False" />
            <line number="17" hits="184" branch="False" />
            <line number="18" hits="184" branch="False" />
            <line number="19" hits="184" branch="True" condition-coverage="100% (2/2)">
              <conditions>
                <condition number="47" type="jump" coverage="100%" />
              </conditions>
            </line>
            <line number="20" hits="184" branch="False" />
          </lines>
        </class>
      </classes>
    </package>
  </packages>
</coverage>