<?xml version="1.0" encoding="utf-8"?>
<coverage line-rate="0.8509" branch-rate="0.9701000000000001" version="1.9" timestamp="1766159560" lines-covered="137" lines-valid="161" branches-covered="130" branches-valid="134">
  <sources>
    <source></source>
  </sources>
  <packages>
    <package name="CnabApi" line-rate="0.8509" branch-rate="0.9701000000000001" complexity="146">
      <classes>
        <class name="CnabApi.Services.CnabParserService" filename="https://raw.githubusercontent.com/gustavo-segantini/backend-challenge/f0818bedc3b01a737e340635b00bd917e76dd283/backend/Services/CnabParserService.cs" line-rate="0.885" branch-rate="1" complexity="38">
          <methods>
            <method name="ParseCnabFile" signature="(System.String)" line-rate="0.8518000000000001" branch-rate="1" complexity="12">
              <lines>
                <line number="17" hits="32" branch="False" />
                <line number="19" hits="32" branch="False" />
                <line number="20" hits="32" branch="True" condition-coverage="100% (2/2)">
                  <conditions>
                    <condition number="10" type="jump" coverage="100%" />
                  </conditions>
                </line>
                <line number="21" hits="4" branch="False" />
                <line number="23" hits="28" branch="False" />
                <line number="24" hits="28" branch="False" />
                <line number="26" hits="144" branch="True" condition-coverage="100% (2/2)">
                  <conditions>
                    <condition number="236" type="jump" coverage="100%" />
                  </conditions>
                </line>
                <line number="27" hits="31" branch="False" />
                <line number="28" hits="31" branch="True" condition-coverage="100% (2/2)">
                  <conditions>
                    <condition number="103" type="jump" coverage="100%" />
                  </conditions>
                </line>
                <line number="29" hits="0" branch="False" />
                <line number="31" hits="31" branch="True" condition-coverage="100% (2/2)">
                  <conditions>
                    <condition number="122" type="jump" coverage="100%" />
                  </conditions>
                </line>
                <line number="32" hits="2" branch="False" />
                <line number="33" hits="2" branch="False" />
                <line number="34" hits="2" branch="False" />
                <line number="37" hits="29" branch="False" />
                <line number="38" hits="29" branch="True" condition-coverage="100% (2/2)">
                  <conditions>
                    <condition number="210" type="jump" coverage="100%" />
                  </conditions>
                </line>
                <line number="39" hits="21" branch="False" />
                <line number="40" hits="21" branch="False" />
                <line number="41" hits="21" branch="False" />
                <line number="42" hits="29" branch="False" />
                <line number="44" hits="26" branch="True" condition-coverage="100% (2/2)">
                  <conditions>
                    <condition number="254" type="jump" coverage="100%" />
                  </conditions>
                </line>
                <line number="45" hits="8" branch="False" />
                <line number="47" hits="18" branch="False" />
                <line number="49" hits="0" branch="False" />
                <line number="50" hits="0" branch="False" />
                <line number="51" hits="0" branch="False" />
                <line number="53" hits="32" branch="False" />
              </lines>
            </method>
            <method name="ParseTransaction" signature="(System.String)" line-rate="0.9" branch-rate="1" complexity="6">
              <lines>
                <line number="56" hits="29" branch="False" />
                <line number="58" hits="29" branch="False" />
                <line number="69" hits="29" branch="False" />
                <line number="70" hits="29" branch="False" />
                <line number="71" hits="29" branch="False" />
                <line number="72" hits="29" branch="False" />
                <line number="73" hits="29" branch="False" />
                <line number="74" hits="29" branch="False" />
                <line number="78" hits="29" branch="True" condition-coverage="100% (2/2)">
                  <conditions>
                    <condition number="110" type="jump" coverage="100%" />
                  </conditions>
                </line>
                <line number="79" hits="1" branch="False" />
                <line number="81" hits="28" branch="False" />
                <line number="84" hits="28" branch="True" condition-coverage="100% (2/2)">
                  <conditions>
                    <condition number="151" type="jump" coverage="100%" />
                  </conditions>
                </line>
                <line number="85" hits="5" branch="False" />
                <line number="88" hits="23" branch="True" condition-coverage="100% (2/2)">
                  <conditions>
                    <condition number="174" type="jump" coverage="100%" />
                  </conditions>
                </line>
                <line number="89" hits="2" branch="False" />
                <line number="91" hits="21" branch="False" />
                <line number="92" hits="21" branch="False" />
                <line number="93" hits="21" branch="False" />
                <line number="94" hits="21" branch="False" />
                <line number="95" hits="21" branch="False" />
                <line number="96" hits="21" branch="False" />
                <line number="97" hits="21" branch="False" />
                <line number="98" hits="21" branch="False" />
                <line number="99" hits="21" branch="False" />
                <line number="100" hits="21" branch="False" />
                <line number="101" hits="21" branch="False" />
                <line number="103" hits="0" branch="False" />
                <line number="104" hits="0" branch="False" />
                <line number="105" hits="0" branch="False" />
                <line number="107" hits="29" branch="False" />
              </lines>
            </method>
            <method name="ParseDate" signature="(System.String,System.DateTime&amp;)" line-rate="1" branch-rate="1" complexity="10">
              <lines>
                <line number="110" hits="28" branch="False" />
                <line number="111" hits="28" branch="False" />
                <line number="113" hits="28" branch="True" condition-coverage="100% (4/4)">
                  <conditions>
                    <condition number="18" type="jump" coverage="100%" />
                    <condition number="37" type="jump" coverage="100%" />
                  </conditions>
                </line>
                <line number="114" hits="1" branch="False" />
                <line number="116" hits="27" branch="True" condition-coverage="100% (6/6)">
                  <conditions>
                    <condition number="59" type="jump" coverage="100%" />
                    <condition number="76" type="jump" coverage="100%" />
                    <condition number="103" type="jump" coverage="100%" />
                  </conditions>
                </line>
                <line number="117" hits="27" branch="False" />
                <line number="118" hits="27" branch="False" />
                <line number="119" hits="1" branch="False" />
                <line number="122" hits="26" branch="False" />
                <line number="123" hits="26" branch="False" />
                <line number="124" hits="23" branch="False" />
                <line number="126" hits="3" branch="False" />
                <line number="127" hits="3" branch="False" />
                <line number="128" hits="3" branch="False" />
                <line number="130" hits="28" branch="False" />
              </lines>
            </method>
            <method name="ParseTime" signature="(System.String,System.TimeSpan&amp;)" line-rate="0.8" branch-rate="1" complexity="10">
              <lines>
                <line number="133" hits="23" branch="False" />
                <line number="134" hits="23" branch="False" />
                <line number="136" hits="23" branch="True" condition-coverage="100% (4/4)">
                  <conditions>
                    <condition number="18" type="jump" coverage="100%" />
                    <condition number="37" type="jump" coverage="100%" />
                  </conditions>
                </line>
                <line number="137" hits="1" branch="False" />
                <line number="139" hits="22" branch="True" condition-coverage="100% (6/6)">
                  <conditions>
                    <condition number="59" type="jump" coverage="100%" />
                    <condition number="76" type="jump" coverage="100%" />
                    <condition number="103" type="jump" coverage="100%" />
                  </conditions>
                </line>
                <line number="140" hits="22" branch="False" />
                <line number="141" hits="22" branch="False" />
                <line number="142" hits="1" branch="False" />
                <line number="145" hits="21" branch="False" />
                <line number="146" hits="21" branch="False" />
                <line number="147" hits="21" branch="False" />
                <line number="149" hits="0" branch="False" />
                <line number="150" hits="0" branch="False" />
                <line number="151" hits="0" branch="False" />
                <line number="153" hits="23" branch="False" />
              </lines>
            </method>
          </methods>
          <lines>
            <line number="17" hits="32" branch="False" />
            <line number="19" hits="32" branch="False" />
            <line number="20" hits="32" branch="True" condition-coverage="100% (2/2)">
              <conditions>
                <condition number="10" type="jump" coverage="100%" />
              </conditions>
            </line>
            <line number="21" hits="4" branch="False" />
            <line number="23" hits="28" branch="False" />
            <line number="24" hits="28" branch="False" />
            <line number="26" hits="144" branch="True" condition-coverage="100% (2/2)">
              <conditions>
                <condition number="236" type="jump" coverage="100%" />
              </conditions>
            </line>
            <line number="27" hits="31" branch="False" />
            <line number="28" hits="31" branch="True" condition-coverage="100% (2/2)">
              <conditions>
                <condition number="103" type="jump" coverage="100%" />
              </conditions>
            </line>
            <line number="29" hits="0" branch="False" />
            <line number="31" hits="31" branch="True" condition-coverage="100% (2/2)">
              <conditions>
                <condition number="122" type="jump" coverage="100%" />
              </conditions>
            </line>
            <line number="32" hits="2" branch="False" />
            <line number="33" hits="2" branch="False" />
            <line number="34" hits="2" branch="False" />
            <line number="37" hits="29" branch="False" />
            <line number="38" hits="29" branch="True" condition-coverage="100% (2/2)">
              <conditions>
                <condition number="210" type="jump" coverage="100%" />
              </conditions>
            </line>
            <line number="39" hits="21" branch="False" />
            <line number="40" hits="21" branch="False" />
            <line number="41" hits="21" branch="False" />
            <line number="42" hits="29" branch="False" />
            <line number="44" hits="26" branch="True" condition-coverage="100% (2/2)">
              <conditions>
                <condition number="254" type="jump" coverage="100%" />
              </conditions>
            </line>
            <line number="45" hits="8" branch="False" />
            <line number="47" hits="18" branch="False" />
            <line number="49" hits="0" branch="False" />
            <line number="50" hits="0" branch="False" />
            <line number="51" hits="0" branch="False" />
            <line number="53" hits="32" branch="False" />
            <line number="56" hits="29" branch="False" />
            <line number="58" hits="29" branch="False" />
            <line number="69" hits="29" branch="False" />
            <line number="70" hits="29" branch="False" />
            <line number="71" hits="29" branch="False" />
            <line number="72" hits="29" branch="False" />
            <line number="73" hits="29" branch="False" />
            <line number="74" hits="29" branch="False" />
            <line number="78" hits="29" branch="True" condition-coverage="100% (2/2)">
              <conditions>
                <condition number="110" type="jump" coverage="100%" />
              </conditions>
            </line>
            <line number="79" hits="1" branch="False" />
            <line number="81" hits="28" branch="False" />
            <line number="84" hits="28" branch="True" condition-coverage="100% (2/2)">
              <conditions>
                <condition number="151" type="jump" coverage="100%" />
              </conditions>
            </line>
            <line number="85" hits="5" branch="False" />
            <line number="88" hits="23" branch="True" condition-coverage="100% (2/2)">
              <conditions>
                <condition number="174" type="jump" coverage="100%" />
              </conditions>
            </line>
            <line number="89" hits="2" branch="False" />
            <line number="91" hits="21" branch="False" />
            <line number="92" hits="21" branch="False" />
            <line number="93" hits="21" branch="False" />
            <line number="94" hits="21" branch="False" />
            <line number="95" hits="21" branch="False" />
            <line number="96" hits="21" branch="False" />
            <line number="97" hits="21" branch="False" />
            <line number="98" hits="21" branch="False" />
            <line number="99" hits="21" branch="False" />
            <line number="100" hits="21" branch="False" />
            <line number="101" hits="21" branch="False" />
            <line number="103" hits="0" branch="False" />
            <line number="104" hits="0" branch="False" />
            <line number="105" hits="0" branch="False" />
            <line number="107" hits="29" branch="False" />
            <line number="110" hits="28" branch="False" />
            <line number="111" hits="28" branch="False" />
            <line number="113" hits="28" branch="True" condition-coverage="100% (4/4)">
              <conditions>
                <condition number="18" type="jump" coverage="100%" />
                <condition number="37" type="jump" coverage="100%" />
              </conditions>
            </line>
            <line number="114" hits="1" branch="False" />
            <line number="116" hits="27" branch="True" condition-coverage="100% (6/6)">
              <conditions>
                <condition number="59" type="jump" coverage="100%" />
                <condition number="76" type="jump" coverage="100%" />
                <condition number="103" type="jump" coverage="100%" />
              </conditions>
            </line>
            <line number="117" hits="27" branch="False" />
            <line number="118" hits="27" branch="False" />
            <line number="119" hits="1" branch="False" />
            <line number="122" hits="26" branch="False" />
            <line number="123" hits="26" branch="False" />
            <line number="124" hits="23" branch="False" />
            <line number="126" hits="3" branch="False" />
            <line number="127" hits="3" branch="False" />
            <line number="128" hits="3" branch="False" />
            <line number="130" hits="28" branch="False" />
            <line number="133" hits="23" branch="False" />
            <line number="134" hits="23" branch="False" />
            <line number="136" hits="23" branch="True" condition-coverage="100% (4/4)">
              <conditions>
                <condition number="18" type="jump" coverage="100%" />
                <condition number="37" type="jump" coverage="100%" />
              </conditions>
            </line>
            <line number="137" hits="1" branch="False" />
            <line number="139" hits="22" branch="True" condition-coverage="100% (6/6)">
              <conditions>
                <condition number="59" type="jump" coverage="100%" />
                <condition number="76" type="jump" coverage="100%" />
                <condition number="103" type="jump" coverage="100%" />
              </conditions>
            </line>
            <line number="140" hits="22" branch="False" />
            <line number="141" hits="22" branch="False" />
            <line number="142" hits="1" branch="False" />
            <line number="145" hits="21" branch="False" />
            <line number="146" hits="21" branch="False" />
            <line number="147" hits="21" branch="False" />
            <line number="149" hits="0" branch="False" />
            <line number="150" hits="0" branch="False" />
            <line number="151" hits="0" branch="False" />
            <line number="153" hits="23" branch="False" />
          </lines>
        </class>
        <class name="CnabApi.Services.CnabUploadService" filename="https://raw.githubusercontent.com/gustavo-segantini/backend-challenge/f0818bedc3b01a737e340635b00bd917e76dd283/backend/Services/CnabUploadService.cs" line-rate="1" branch-rate="1" complexity="1">
          <methods>
            <method name=".ctor" signature="(CnabApi.Services.IFileService,CnabApi.Services.ICnabParserService,CnabApi.Services.ITransactionService,Microsoft.Extensions.Logging.ILogger`1&lt;CnabApi.Services.CnabUploadService&gt;)" line-rate="1" branch-rate="1" complexity="1">
              <lines>
                <line number="12" hits="10" branch="False" />
                <line number="13" hits="10" branch="False" />
                <line number="14" hits="10" branch="False" />
                <line number="15" hits="10" branch="False" />
                <line number="16" hits="10" branch="False" />
                <line number="18" hits="10" branch="False" />
                <line number="19" hits="10" branch="False" />
                <line number="20" hits="10" branch="False" />
                <line number="21" hits="10" branch="False" />
              </lines>
            </method>
          </methods>
          <lines>
            <line number="12" hits="10" branch="False" />
            <line number="13" hits="10" branch="False" />
            <line number="14" hits="10" branch="False" />
            <line number="15" hits="10" branch="False" />
            <line number="16" hits="10" branch="False" />
            <line number="18" hits="10" branch="False" />
            <line number="19" hits="10" branch="False" />
            <line number="20" hits="10" branch="False" />
            <line number="21" hits="10" branch="False" />
          </lines>
        </class>
        <class name="CnabApi.Models.Transaction" filename="https://raw.githubusercontent.com/gustavo-segantini/backend-challenge/f0818bedc3b01a737e340635b00bd917e76dd283/backend/Models/Transaction.cs" line-rate="1" branch-rate="1" complexity="90">
          <methods>
            <method name="get_TransactionDescription" signature="()" line-rate="1" branch-rate="1" complexity="1">
              <lines>
                <line number="68" hits="11" branch="False" />
              </lines>
            </method>
            <method name="get_SignedAmount" signature="()" line-rate="1" branch-rate="1" complexity="1">
              <lines>
                <line number="74" hits="37" branch="False" />
              </lines>
            </method>
            <method name="GetTransactionDescription" signature="()" line-rate="1" branch-rate="1" complexity="42">
              <lines>
                <line number="76" hits="11" branch="True" condition-coverage="100% (42/42)">
                  <conditions>
                    <condition number="24" type="jump" coverage="100%" />
                    <condition number="32" type="jump" coverage="100%" />
                    <condition number="40" type="jump" coverage="100%" />
                    <condition number="69" type="jump" coverage="100%" />
                    <condition number="98" type="jump" coverage="100%" />
                    <condition number="106" type="jump" coverage="100%" />
                    <condition number="129" type="jump" coverage="100%" />
                    <condition number="139" type="jump" coverage="100%" />
                    <condition number="116" type="jump" coverage="100%" />
                    <condition number="53" type="jump" coverage="100%" />
                    <condition number="82" type="jump" coverage="100%" />
                    <condition number="152" type="jump" coverage="100%" />
                    <condition number="173" type="jump" coverage="100%" />
                    <condition number="194" type="jump" coverage="100%" />
                    <condition number="212" type="jump" coverage="100%" />
                    <condition number="230" type="jump" coverage="100%" />
                    <condition number="248" type="jump" coverage="100%" />
                    <condition number="266" type="jump" coverage="100%" />
                    <condition number="281" type="jump" coverage="100%" />
                    <condition number="296" type="jump" coverage="100%" />
                    <condition number="311" type="jump" coverage="100%" />
                  </conditions>
                </line>
                <line number="77" hits="11" branch="False" />
                <line number="78" hits="1" branch="False" />
                <line number="79" hits="1" branch="False" />
                <line number="80" hits="1" branch="False" />
                <line number="81" hits="1" branch="False" />
                <line number="82" hits="1" branch="False" />
                <line number="83" hits="1" branch="False" />
                <line number="84" hits="1" branch="False" />
                <line number="85" hits="1" branch="False" />
                <line number="86" hits="1" branch="False" />
                <line number="87" hits="2" branch="False" />
                <line number="88" hits="11" branch="False" />
              </lines>
            </method>
            <method name="GetTransactionNature" signature="()" line-rate="1" branch-rate="1" complexity="42">
              <lines>
                <line number="90" hits="37" branch="True" condition-coverage="100% (42/42)">
                  <conditions>
                    <condition number="24" type="jump" coverage="100%" />
                    <condition number="32" type="jump" coverage="100%" />
                    <condition number="40" type="jump" coverage="100%" />
                    <condition number="66" type="jump" coverage="100%" />
                    <condition number="92" type="jump" coverage="100%" />
                    <condition number="100" type="jump" coverage="100%" />
                    <condition number="126" type="jump" coverage="100%" />
                    <condition number="136" type="jump" coverage="100%" />
                    <condition number="53" type="jump" coverage="100%" />
                    <condition number="79" type="jump" coverage="100%" />
                    <condition number="149" type="jump" coverage="100%" />
                    <condition number="110" type="jump" coverage="100%" />
                    <condition number="167" type="jump" coverage="100%" />
                    <condition number="185" type="jump" coverage="100%" />
                    <condition number="200" type="jump" coverage="100%" />
                    <condition number="215" type="jump" coverage="100%" />
                    <condition number="230" type="jump" coverage="100%" />
                    <condition number="245" type="jump" coverage="100%" />
                    <condition number="260" type="jump" coverage="100%" />
                    <condition number="275" type="jump" coverage="100%" />
                    <condition number="290" type="jump" coverage="100%" />
                  </conditions>
                </line>
                <line number="91" hits="37" branch="False" />
                <line number="92" hits="19" branch="False" />
                <line number="93" hits="15" branch="False" />
                <line number="94" hits="3" branch="False" />
                <line number="95" hits="37" branch="False" />
              </lines>
            </method>
            <method name="GetSignedAmount" signature="()" line-rate="1" branch-rate="1" complexity="4">
              <lines>
                <line number="97" hits="37" branch="True" condition-coverage="100% (4/4)">
                  <conditions>
                    <condition number="22" type="jump" coverage="100%" />
                    <condition number="35" type="jump" coverage="100%" />
                  </conditions>
                </line>
                <line number="98" hits="37" branch="False" />
                <line number="99" hits="19" branch="False" />
                <line number="100" hits="15" branch="False" />
                <line number="101" hits="3" branch="False" />
                <line number="102" hits="37" branch="False" />
              </lines>
            </method>
          </methods>
          <lines>
            <line number="68" hits="11" branch="False" />
            <line number="74" hits="37" branch="False" />
            <line number="76" hits="11" branch="True" condition-coverage="100% (42/42)">
              <conditions>
                <condition number="24" type="jump" coverage="100%" />
                <condition number="32" type="jump" coverage="100%" />
                <condition number="40" type="jump" coverage="100%" />
                <condition number="69" type="jump" coverage="100%" />
                <condition number="98" type="jump" coverage="100%" />
                <condition number="106" type="jump" coverage="100%" />
                <condition number="129" type="jump" coverage="100%" />
                <condition number="139" type="jump" coverage="100%" />
                <condition number="116" type="jump" coverage="100%" />
                <condition number="53" type="jump" coverage="100%" />
                <condition number="82" type="jump" coverage="100%" />
                <condition number="152" type="jump" coverage="100%" />
                <condition number="173" type="jump" coverage="100%" />
                <condition number="194" type="jump" coverage="100%" />
                <condition number="212" type="jump" coverage="100%" />
                <condition number="230" type="jump" coverage="100%" />
                <condition number="248" type="jump" coverage="100%" />
                <condition number="266" type="jump" coverage="100%" />
                <condition number="281" type="jump" coverage="100%" />
                <condition number="296" type="jump" coverage="100%" />
                <condition number="311" type="jump" coverage="100%" />
              </conditions>
            </line>
            <line number="77" hits="11" branch="False" />
            <line number="78" hits="1" branch="False" />
            <line number="79" hits="1" branch="False" />
            <line number="80" hits="1" branch="False" />
            <line number="81" hits="1" branch="False" />
            <line number="82" hits="1" branch="False" />
            <line number="83" hits="1" branch="False" />
            <line number="84" hits="1" branch="False" />
            <line number="85" hits="1" branch="False" />
            <line number="86" hits="1" branch="False" />
            <line number="87" hits="2" branch="False" />
            <line number="88" hits="11" branch="False" />
            <line number="90" hits="37" branch="True" condition-coverage="100% (42/42)">
              <conditions>
                <condition number="24" type="jump" coverage="100%" />
                <condition number="32" type="jump" coverage="100%" />
                <condition number="40" type="jump" coverage="100%" />
                <condition number="66" type="jump" coverage="100%" />
                <condition number="92" type="jump" coverage="100%" />
                <condition number="100" type="jump" coverage="100%" />
                <condition number="126" type="jump" coverage="100%" />
                <condition number="136" type="jump" coverage="100%" />
                <condition number="53" type="jump" coverage="100%" />
                <condition number="79" type="jump" coverage="100%" />
                <condition number="149" type="jump" coverage="100%" />
                <condition number="110" type="jump" coverage="100%" />
                <condition number="167" type="jump" coverage="100%" />
                <condition number="185" type="jump" coverage="100%" />
                <condition number="200" type="jump" coverage="100%" />
                <condition number="215" type="jump" coverage="100%" />
                <condition number="230" type="jump" coverage="100%" />
                <condition number="245" type="jump" coverage="100%" />
                <condition number="260" type="jump" coverage="100%" />
                <condition number="275" type="jump" coverage="100%" />
                <condition number="290" type="jump" coverage="100%" />
              </conditions>
            </line>
            <line number="91" hits="37" branch="False" />
            <line number="92" hits="19" branch="False" />
            <line number="93" hits="15" branch="False" />
            <line number="94" hits="3" branch="False" />
            <line number="95" hits="37" branch="False" />
            <line number="97" hits="37" branch="True" condition-coverage="100% (4/4)">
              <conditions>
                <condition number="22" type="jump" coverage="100%" />
                <condition number="35" type="jump" coverage="100%" />
              </conditions>
            </line>
            <line number="98" hits="37" branch="False" />
            <line number="99" hits="19" branch="False" />
            <line number="100" hits="15" branch="False" />
            <line number="101" hits="3" branch="False" />
            <line number="102" hits="37" branch="False" />
          </lines>
        </class>
        <class name="CnabApi.Controllers.TransactionsController" filename="https://raw.githubusercontent.com/gustavo-segantini/backend-challenge/f0818bedc3b01a737e340635b00bd917e76dd283/backend/Controllers/TransactionsController.cs" line-rate="1" branch-rate="1" complexity="1">
          <methods>
            <method name=".ctor" signature="(CnabApi.Services.ICnabUploadService,CnabApi.Services.ITransactionService,Microsoft.Extensions.Logging.ILogger`1&lt;CnabApi.Controllers.TransactionsController&gt;)" line-rate="1" branch-rate="1" complexity="1">
              <lines>
                <line number="12" hits="16" branch="False" />
                <line number="13" hits="16" branch="False" />
                <line number="14" hits="16" branch="False" />
                <line number="15" hits="16" branch="False" />
                <line number="17" hits="16" branch="False" />
                <line number="18" hits="16" branch="False" />
                <line number="19" hits="16" branch="False" />
              </lines>
            </method>
          </methods>
          <lines>
            <line number="12" hits="16" branch="False" />
            <line number="13" hits="16" branch="False" />
            <line number="14" hits="16" branch="False" />
            <line number="15" hits="16" branch="False" />
            <line number="17" hits="16" branch="False" />
            <line number="18" hits="16" branch="False" />
            <line number="19" hits="16" branch="False" />
          </lines>
        </class>
        <class name="CnabApi.Common.Result`1" filename="https://raw.githubusercontent.com/gustavo-segantini/backend-challenge/f0818bedc3b01a737e340635b00bd917e76dd283/backend/Common/Result.cs" line-rate="0.5625" branch-rate="0.5" complexity="8">
          <methods>
            <method name="Success" signature="(T)" line-rate="1" branch-rate="1" complexity="1">
              <lines>
                <line number="26" hits="59" branch="False" />
              </lines>
            </method>
            <method name="Failure" signature="(System.String)" line-rate="1" branch-rate="1" complexity="1">
              <lines>
                <line number="32" hits="47" branch="False" />
              </lines>
            </method>
            <method name="Failure" signature="(System.Collections.Generic.List`1&lt;System.String&gt;)" line-rate="0" branch-rate="1" complexity="1">
              <lines>
                <line number="38" hits="0" branch="False" />
              </lines>
            </method>
            <method name="Failure" signature="(System.Exception)" line-rate="0" branch-rate="1" complexity="1">
              <lines>
                <line number="44" hits="0" branch="False" />
              </lines>
            </method>
            <method name="GetErrorsAsString" signature="()" line-rate="0" branch-rate="0" complexity="2">
              <lines>
                <line number="50" hits="0" branch="False" />
                <line number="51" hits="0" branch="True" condition-coverage="0% (0/2)">
                  <conditions>
                    <condition number="17" type="jump" coverage="0%" />
                  </conditions>
                </line>
                <line number="52" hits="0" branch="False" />
                <line number="54" hits="0" branch="False" />
                <line number="55" hits="0" branch="False" />
              </lines>
            </method>
            <method name=".ctor" signature="(System.Boolean,T,System.String,System.Collections.Generic.List`1&lt;System.String&gt;)" line-rate="1" branch-rate="1" complexity="2">
              <lines>
                <line number="14" hits="106" branch="False" />
                <line number="15" hits="106" branch="False" />
                <line number="16" hits="106" branch="False" />
                <line number="17" hits="106" branch="False" />
                <line number="18" hits="106" branch="False" />
                <line number="19" hits="106" branch="True" condition-coverage="100% (2/2)">
                  <conditions>
                    <condition number="47" type="jump" coverage="100%" />
                  </conditions>
                </line>
                <line number="20" hits="106" branch="False" />
              </lines>
            </method>
          </methods>
          <lines>
            <line number="26" hits="59" branch="False" />
            <line number="32" hits="47" branch="False" />
            <line number="38" hits="0" branch="False" />
            <line number="44" hits="0" branch="False" />
            <line number="50" hits="0" branch="False" />
            <line number="51" hits="0" branch="True" condition-coverage="0% (0/2)">
              <conditions>
                <condition number="17" type="jump" coverage="0%" />
              </conditions>
            </line>
            <line number="52" hits="0" branch="False" />
            <line number="54" hits="0" branch="False" />
            <line number="55" hits="0" branch="False" />
            <line number="14" hits="106" branch="False" />
            <line number="15" hits="106" branch="False" />
            <line number="16" hits="106" branch="False" />
            <line number="17" hits="106" branch="False" />
            <line number="18" hits="106" branch="False" />
            <line number="19" hits="106" branch="True" condition-coverage="100% (2/2)">
              <conditions>
                <condition number="47" type="jump" coverage="100%" />
              </conditions>
            </line>
            <line number="20" hits="106" branch="False" />
          </lines>
        </class>
        <class name="CnabApi.Common.Result" filename="https://raw.githubusercontent.com/gustavo-segantini/backend-challenge/f0818bedc3b01a737e340635b00bd917e76dd283/backend/Common/Result.cs" line-rate="0.5333" branch-rate="0.5" complexity="8">
          <methods>
            <method name="Success" signature="()" line-rate="1" branch-rate="1" complexity="1">
              <lines>
                <line number="79" hits="4" branch="False" />
              </lines>
            </method>
            <method name="Failure" signature="(System.String)" line-rate="1" branch-rate="1" complexity="1">
              <lines>
                <line number="85" hits="1" branch="False" />
              </lines>
            </method>
            <method name="Failure" signature="(System.Collections.Generic.List`1&lt;System.String&gt;)" line-rate="0" branch-rate="1" complexity="1">
              <lines>
                <line number="91" hits="0" branch="False" />
              </lines>
            </method>
            <method name="Failure" signature="(System.Exception)" line-rate="0" branch-rate="1" complexity="1">
              <lines>
                <line number="97" hits="0" branch="False" />
              </lines>
            </method>
            <method name="GetErrorsAsString" signature="()" line-rate="0" branch-rate="0" complexity="2">
              <lines>
                <line number="103" hits="0" branch="False" />
                <line number="104" hits="0" branch="True" condition-coverage="0% (0/2)">
                  <conditions>
                    <condition number="17" type="jump" coverage="0%" />
                  </conditions>
                </line>
                <line number="105" hits="0" branch="False" />
                <line number="107" hits="0" branch="False" />
                <line number="108" hits="0" branch="False" />
              </lines>
            </method>
            <method name=".ctor" signature="(System.Boolean,System.String,System.Collections.Generic.List`1&lt;System.String&gt;)" line-rate="1" branch-rate="1" complexity="2">
              <lines>
                <line number="68" hits="5" branch="False" />
                <line number="69" hits="5" branch="False" />
                <line number="70" hits="5" branch="False" />
                <line number="71" hits="5" branch="False" />
                <line number="72" hits="5" branch="True" condition-coverage="100% (2/2)">
                  <conditions>
                    <condition number="38" type="jump" coverage="100%" />
                  </conditions>
                </line>
                <line number="73" hits="5" branch="False" />
              </lines>
            </method>
          </methods>
          <lines>
            <line number="79" hits="4" branch="False" />
            <line number="85" hits="1" branch="False" />
            <line number="91" hits="0" branch="False" />
            <line number="97" hits="0" branch="False" />
            <line number="103" hits="0" branch="False" />
            <line number="104" hits="0" branch="True" condition-coverage="0% (0/2)">
              <conditions>
                <condition number="17" type="jump" coverage="0%" />
              </conditions>
            </line>
            <line number="105" hits="0" branch="False" />
            <line number="107" hits="0" branch="False" />
            <line number="108" hits="0" branch="False" />
            <line number="68" hits="5" branch="False" />
            <line number="69" hits="5" branch="False" />
            <line number="70" hits="5" branch="False" />
            <line number="71" hits="5" branch="False" />
            <line number="72" hits="5" branch="True" condition-coverage="100% (2/2)">
              <conditions>
                <condition number="38" type="jump" coverage="100%" />
              </conditions>
            </line>
            <line number="73" hits="5" branch="False" />
          </lines>
        </class>
      </classes>
    </package>
  </packages>
</coverage>